{"/home/user/frappe-clone/apps/server/src/apps.ts": {"path":"/home/user/frappe-clone/apps/server/src/apps.ts","all":false,"statementMap":{"0":{"start":{"line":1,"column":0},"end":{"line":1,"column":26}},"1":{"start":{"line":2,"column":0},"end":{"line":2,"column":35}},"2":{"start":{"line":3,"column":0},"end":{"line":3,"column":59}},"3":{"start":{"line":4,"column":0},"end":{"line":4,"column":39}},"4":{"start":{"line":5,"column":0},"end":{"line":5,"column":62}},"5":{"start":{"line":6,"column":0},"end":{"line":6,"column":73}},"6":{"start":{"line":7,"column":0},"end":{"line":7,"column":8}},"48":{"start":{"line":49,"column":0},"end":{"line":49,"column":48}},"50":{"start":{"line":51,"column":0},"end":{"line":51,"column":52}},"52":{"start":{"line":53,"column":0},"end":{"line":53,"column":85}},"54":{"start":{"line":55,"column":0},"end":{"line":55,"column":58}},"55":{"start":{"line":56,"column":0},"end":{"line":56,"column":40}},"56":{"start":{"line":57,"column":0},"end":{"line":57,"column":1}},"58":{"start":{"line":59,"column":0},"end":{"line":59,"column":46}},"59":{"start":{"line":60,"column":0},"end":{"line":60,"column":30}},"60":{"start":{"line":61,"column":0},"end":{"line":61,"column":1}},"64":{"start":{"line":65,"column":0},"end":{"line":65,"column":46}},"65":{"start":{"line":66,"column":0},"end":{"line":66,"column":44}},"66":{"start":{"line":67,"column":0},"end":{"line":67,"column":30}},"67":{"start":{"line":68,"column":0},"end":{"line":68,"column":9}},"68":{"start":{"line":69,"column":0},"end":{"line":69,"column":34}},"69":{"start":{"line":70,"column":0},"end":{"line":70,"column":62}},"70":{"start":{"line":71,"column":0},"end":{"line":71,"column":13}},"71":{"start":{"line":72,"column":0},"end":{"line":72,"column":15}},"72":{"start":{"line":73,"column":0},"end":{"line":73,"column":5}},"73":{"start":{"line":74,"column":0},"end":{"line":74,"column":3}},"74":{"start":{"line":75,"column":0},"end":{"line":75,"column":11}},"75":{"start":{"line":76,"column":0},"end":{"line":76,"column":1}},"79":{"start":{"line":80,"column":0},"end":{"line":80,"column":49}},"80":{"start":{"line":81,"column":0},"end":{"line":81,"column":45}},"81":{"start":{"line":82,"column":0},"end":{"line":82,"column":77}},"82":{"start":{"line":83,"column":0},"end":{"line":83,"column":60}},"83":{"start":{"line":84,"column":0},"end":{"line":84,"column":34}},"84":{"start":{"line":85,"column":0},"end":{"line":85,"column":32}},"85":{"start":{"line":86,"column":0},"end":{"line":86,"column":3}},"86":{"start":{"line":87,"column":0},"end":{"line":87,"column":39}},"90":{"start":{"line":91,"column":0},"end":{"line":91,"column":86}},"94":{"start":{"line":95,"column":0},"end":{"line":95,"column":67}},"95":{"start":{"line":96,"column":0},"end":{"line":96,"column":89}},"96":{"start":{"line":97,"column":0},"end":{"line":97,"column":60}},"97":{"start":{"line":98,"column":0},"end":{"line":98,"column":67}},"98":{"start":{"line":99,"column":0},"end":{"line":99,"column":30}},"99":{"start":{"line":100,"column":0},"end":{"line":100,"column":3}},"100":{"start":{"line":101,"column":0},"end":{"line":101,"column":38}},"101":{"start":{"line":102,"column":0},"end":{"line":102,"column":1}},"103":{"start":{"line":104,"column":0},"end":{"line":104,"column":42}},"104":{"start":{"line":105,"column":0},"end":{"line":105,"column":82}},"105":{"start":{"line":106,"column":0},"end":{"line":106,"column":20}},"106":{"start":{"line":107,"column":0},"end":{"line":107,"column":81}},"107":{"start":{"line":108,"column":0},"end":{"line":108,"column":25}},"108":{"start":{"line":109,"column":0},"end":{"line":109,"column":1}},"112":{"start":{"line":113,"column":0},"end":{"line":113,"column":74}},"113":{"start":{"line":114,"column":0},"end":{"line":114,"column":53}},"114":{"start":{"line":115,"column":0},"end":{"line":115,"column":32}},"116":{"start":{"line":117,"column":0},"end":{"line":117,"column":78}},"117":{"start":{"line":118,"column":0},"end":{"line":118,"column":81}},"118":{"start":{"line":119,"column":0},"end":{"line":119,"column":3}},"119":{"start":{"line":120,"column":0},"end":{"line":120,"column":1}},"122":{"start":{"line":123,"column":0},"end":{"line":123,"column":72}},"123":{"start":{"line":124,"column":0},"end":{"line":124,"column":53}},"124":{"start":{"line":125,"column":0},"end":{"line":125,"column":95}},"125":{"start":{"line":126,"column":0},"end":{"line":126,"column":3}},"126":{"start":{"line":127,"column":0},"end":{"line":127,"column":1}},"128":{"start":{"line":129,"column":0},"end":{"line":129,"column":67}},"129":{"start":{"line":130,"column":0},"end":{"line":130,"column":79}},"130":{"start":{"line":131,"column":0},"end":{"line":131,"column":21}},"131":{"start":{"line":132,"column":0},"end":{"line":132,"column":1}},"133":{"start":{"line":134,"column":0},"end":{"line":134,"column":112}},"134":{"start":{"line":135,"column":0},"end":{"line":135,"column":110}},"135":{"start":{"line":136,"column":0},"end":{"line":136,"column":27}},"136":{"start":{"line":137,"column":0},"end":{"line":137,"column":27}},"137":{"start":{"line":138,"column":0},"end":{"line":138,"column":40}},"138":{"start":{"line":139,"column":0},"end":{"line":139,"column":41}},"139":{"start":{"line":140,"column":0},"end":{"line":140,"column":5}},"140":{"start":{"line":141,"column":0},"end":{"line":141,"column":1}},"142":{"start":{"line":143,"column":0},"end":{"line":143,"column":95}},"143":{"start":{"line":144,"column":0},"end":{"line":144,"column":38}},"144":{"start":{"line":145,"column":0},"end":{"line":145,"column":106}},"145":{"start":{"line":146,"column":0},"end":{"line":146,"column":102}},"148":{"start":{"line":149,"column":0},"end":{"line":149,"column":30}},"149":{"start":{"line":150,"column":0},"end":{"line":150,"column":46}},"150":{"start":{"line":151,"column":0},"end":{"line":151,"column":41}},"151":{"start":{"line":152,"column":0},"end":{"line":152,"column":27}},"152":{"start":{"line":153,"column":0},"end":{"line":153,"column":3}},"154":{"start":{"line":155,"column":0},"end":{"line":155,"column":21}},"155":{"start":{"line":156,"column":0},"end":{"line":156,"column":37}},"158":{"start":{"line":159,"column":0},"end":{"line":159,"column":12}},"160":{"start":{"line":161,"column":0},"end":{"line":161,"column":43}},"161":{"start":{"line":162,"column":0},"end":{"line":162,"column":36}},"162":{"start":{"line":163,"column":0},"end":{"line":163,"column":1}},"164":{"start":{"line":165,"column":0},"end":{"line":165,"column":96}},"165":{"start":{"line":166,"column":0},"end":{"line":166,"column":86}},"166":{"start":{"line":167,"column":0},"end":{"line":167,"column":81}},"167":{"start":{"line":168,"column":0},"end":{"line":168,"column":46}},"170":{"start":{"line":171,"column":0},"end":{"line":171,"column":19}},"171":{"start":{"line":172,"column":0},"end":{"line":172,"column":38}},"172":{"start":{"line":173,"column":0},"end":{"line":173,"column":49}},"174":{"start":{"line":175,"column":0},"end":{"line":175,"column":30}},"175":{"start":{"line":176,"column":0},"end":{"line":176,"column":31}},"176":{"start":{"line":177,"column":0},"end":{"line":177,"column":60}},"177":{"start":{"line":178,"column":0},"end":{"line":178,"column":57}},"178":{"start":{"line":179,"column":0},"end":{"line":179,"column":61}},"179":{"start":{"line":180,"column":0},"end":{"line":180,"column":22}},"180":{"start":{"line":181,"column":0},"end":{"line":181,"column":3}},"181":{"start":{"line":182,"column":0},"end":{"line":182,"column":63}},"182":{"start":{"line":183,"column":0},"end":{"line":183,"column":36}},"183":{"start":{"line":184,"column":0},"end":{"line":184,"column":1}},"188":{"start":{"line":189,"column":0},"end":{"line":189,"column":58}},"189":{"start":{"line":190,"column":0},"end":{"line":190,"column":60}},"190":{"start":{"line":191,"column":0},"end":{"line":191,"column":25}},"191":{"start":{"line":192,"column":0},"end":{"line":192,"column":52}},"192":{"start":{"line":193,"column":0},"end":{"line":193,"column":48}},"193":{"start":{"line":194,"column":0},"end":{"line":194,"column":25}},"194":{"start":{"line":195,"column":0},"end":{"line":195,"column":41}},"195":{"start":{"line":196,"column":0},"end":{"line":196,"column":5}},"196":{"start":{"line":197,"column":0},"end":{"line":197,"column":3}},"197":{"start":{"line":198,"column":0},"end":{"line":198,"column":1}}},"s":{"0":1,"1":1,"2":1,"3":1,"4":1,"5":1,"6":1,"48":1,"50":1,"52":1,"54":1,"55":99,"56":99,"58":1,"59":1,"60":1,"64":13,"65":13,"66":2,"67":2,"68":2,"69":2,"70":2,"71":1,"72":1,"73":2,"74":0,"75":0,"79":10,"80":10,"81":10,"82":7,"83":7,"84":7,"85":7,"86":10,"90":10,"94":10,"95":10,"96":1,"97":1,"98":1,"99":1,"100":10,"101":10,"103":10,"104":10,"105":10,"106":10,"107":10,"108":10,"112":10,"113":10,"114":1,"116":1,"117":1,"118":1,"119":10,"122":10,"123":10,"124":1,"125":1,"126":10,"128":15,"129":15,"130":15,"131":15,"133":2,"134":2,"135":2,"136":3,"137":3,"138":3,"139":2,"140":2,"142":12,"143":12,"144":12,"145":12,"148":10,"149":12,"150":3,"151":3,"152":3,"154":10,"155":10,"158":10,"160":10,"161":10,"162":10,"164":13,"165":13,"166":13,"167":10,"170":10,"171":10,"172":10,"174":13,"175":3,"176":3,"177":3,"178":3,"179":3,"180":3,"181":10,"182":10,"183":10,"188":88,"189":88,"190":88,"191":3,"192":3,"193":0,"194":0,"195":0,"196":3,"197":88},"branchMap":{"0":{"type":"branch","line":55,"loc":{"start":{"line":55,"column":7},"end":{"line":57,"column":1}},"locations":[{"start":{"line":55,"column":7},"end":{"line":57,"column":1}}]},"1":{"type":"branch","line":59,"loc":{"start":{"line":59,"column":7},"end":{"line":61,"column":1}},"locations":[{"start":{"line":59,"column":7},"end":{"line":61,"column":1}}]},"2":{"type":"branch","line":65,"loc":{"start":{"line":65,"column":0},"end":{"line":76,"column":1}},"locations":[{"start":{"line":65,"column":0},"end":{"line":76,"column":1}}]},"3":{"type":"branch","line":66,"loc":{"start":{"line":66,"column":24},"end":{"line":66,"column":44}},"locations":[{"start":{"line":66,"column":24},"end":{"line":66,"column":44}}]},"4":{"type":"branch","line":66,"loc":{"start":{"line":66,"column":31},"end":{"line":76,"column":1}},"locations":[{"start":{"line":66,"column":31},"end":{"line":76,"column":1}}]},"5":{"type":"branch","line":66,"loc":{"start":{"line":66,"column":31},"end":{"line":74,"column":3}},"locations":[{"start":{"line":66,"column":31},"end":{"line":74,"column":3}}]},"6":{"type":"branch","line":70,"loc":{"start":{"line":70,"column":33},"end":{"line":70,"column":60}},"locations":[{"start":{"line":70,"column":33},"end":{"line":70,"column":60}}]},"7":{"type":"branch","line":70,"loc":{"start":{"line":70,"column":38},"end":{"line":70,"column":62}},"locations":[{"start":{"line":70,"column":38},"end":{"line":70,"column":62}}]},"8":{"type":"branch","line":71,"loc":{"start":{"line":71,"column":4},"end":{"line":73,"column":5}},"locations":[{"start":{"line":71,"column":4},"end":{"line":73,"column":5}}]},"9":{"type":"branch","line":74,"loc":{"start":{"line":74,"column":2},"end":{"line":76,"column":1}},"locations":[{"start":{"line":74,"column":2},"end":{"line":76,"column":1}}]},"10":{"type":"branch","line":80,"loc":{"start":{"line":80,"column":0},"end":{"line":102,"column":1}},"locations":[{"start":{"line":80,"column":0},"end":{"line":102,"column":1}}]},"11":{"type":"branch","line":82,"loc":{"start":{"line":82,"column":57},"end":{"line":82,"column":73}},"locations":[{"start":{"line":82,"column":57},"end":{"line":82,"column":73}}]},"12":{"type":"branch","line":82,"loc":{"start":{"line":82,"column":76},"end":{"line":86,"column":3}},"locations":[{"start":{"line":82,"column":76},"end":{"line":86,"column":3}}]},"13":{"type":"branch","line":91,"loc":{"start":{"line":91,"column":28},"end":{"line":91,"column":52}},"locations":[{"start":{"line":91,"column":28},"end":{"line":91,"column":52}}]},"14":{"type":"branch","line":91,"loc":{"start":{"line":91,"column":52},"end":{"line":91,"column":86}},"locations":[{"start":{"line":91,"column":52},"end":{"line":91,"column":86}}]},"15":{"type":"branch","line":96,"loc":{"start":{"line":96,"column":51},"end":{"line":96,"column":85}},"locations":[{"start":{"line":96,"column":51},"end":{"line":96,"column":85}}]},"16":{"type":"branch","line":96,"loc":{"start":{"line":96,"column":88},"end":{"line":100,"column":3}},"locations":[{"start":{"line":96,"column":88},"end":{"line":100,"column":3}}]},"17":{"type":"branch","line":104,"loc":{"start":{"line":104,"column":0},"end":{"line":109,"column":1}},"locations":[{"start":{"line":104,"column":0},"end":{"line":109,"column":1}}]},"18":{"type":"branch","line":105,"loc":{"start":{"line":105,"column":41},"end":{"line":105,"column":50}},"locations":[{"start":{"line":105,"column":41},"end":{"line":105,"column":50}}]},"19":{"type":"branch","line":105,"loc":{"start":{"line":105,"column":50},"end":{"line":105,"column":82}},"locations":[{"start":{"line":105,"column":50},"end":{"line":105,"column":82}}]},"20":{"type":"branch","line":107,"loc":{"start":{"line":107,"column":50},"end":{"line":107,"column":59}},"locations":[{"start":{"line":107,"column":50},"end":{"line":107,"column":59}}]},"21":{"type":"branch","line":107,"loc":{"start":{"line":107,"column":59},"end":{"line":107,"column":81}},"locations":[{"start":{"line":107,"column":59},"end":{"line":107,"column":81}}]},"22":{"type":"branch","line":113,"loc":{"start":{"line":113,"column":0},"end":{"line":120,"column":1}},"locations":[{"start":{"line":113,"column":0},"end":{"line":120,"column":1}}]},"23":{"type":"branch","line":114,"loc":{"start":{"line":114,"column":28},"end":{"line":114,"column":52}},"locations":[{"start":{"line":114,"column":28},"end":{"line":114,"column":52}}]},"24":{"type":"branch","line":114,"loc":{"start":{"line":114,"column":52},"end":{"line":119,"column":3}},"locations":[{"start":{"line":114,"column":52},"end":{"line":119,"column":3}}]},"25":{"type":"branch","line":123,"loc":{"start":{"line":123,"column":0},"end":{"line":127,"column":1}},"locations":[{"start":{"line":123,"column":0},"end":{"line":127,"column":1}}]},"26":{"type":"branch","line":124,"loc":{"start":{"line":124,"column":28},"end":{"line":124,"column":52}},"locations":[{"start":{"line":124,"column":28},"end":{"line":124,"column":52}}]},"27":{"type":"branch","line":124,"loc":{"start":{"line":124,"column":52},"end":{"line":126,"column":3}},"locations":[{"start":{"line":124,"column":52},"end":{"line":126,"column":3}}]},"28":{"type":"branch","line":129,"loc":{"start":{"line":129,"column":0},"end":{"line":132,"column":1}},"locations":[{"start":{"line":129,"column":0},"end":{"line":132,"column":1}}]},"29":{"type":"branch","line":134,"loc":{"start":{"line":134,"column":0},"end":{"line":141,"column":1}},"locations":[{"start":{"line":134,"column":0},"end":{"line":141,"column":1}}]},"30":{"type":"branch","line":136,"loc":{"start":{"line":136,"column":18},"end":{"line":140,"column":4}},"locations":[{"start":{"line":136,"column":18},"end":{"line":140,"column":4}}]},"31":{"type":"branch","line":143,"loc":{"start":{"line":143,"column":0},"end":{"line":163,"column":1}},"locations":[{"start":{"line":143,"column":0},"end":{"line":163,"column":1}}]},"32":{"type":"branch","line":145,"loc":{"start":{"line":145,"column":17},"end":{"line":145,"column":106}},"locations":[{"start":{"line":145,"column":17},"end":{"line":145,"column":106}}]},"33":{"type":"branch","line":145,"loc":{"start":{"line":145,"column":105},"end":{"line":146,"column":37}},"locations":[{"start":{"line":145,"column":105},"end":{"line":146,"column":37}}]},"34":{"type":"branch","line":146,"loc":{"start":{"line":146,"column":31},"end":{"line":146,"column":102}},"locations":[{"start":{"line":146,"column":31},"end":{"line":146,"column":102}}]},"35":{"type":"branch","line":146,"loc":{"start":{"line":146,"column":101},"end":{"line":150,"column":41}},"locations":[{"start":{"line":146,"column":101},"end":{"line":150,"column":41}}]},"36":{"type":"branch","line":150,"loc":{"start":{"line":150,"column":29},"end":{"line":150,"column":45}},"locations":[{"start":{"line":150,"column":29},"end":{"line":150,"column":45}}]},"37":{"type":"branch","line":150,"loc":{"start":{"line":150,"column":45},"end":{"line":153,"column":3}},"locations":[{"start":{"line":150,"column":45},"end":{"line":153,"column":3}}]},"38":{"type":"branch","line":153,"loc":{"start":{"line":153,"column":2},"end":{"line":163,"column":1}},"locations":[{"start":{"line":153,"column":2},"end":{"line":163,"column":1}}]},"39":{"type":"branch","line":165,"loc":{"start":{"line":165,"column":0},"end":{"line":184,"column":1}},"locations":[{"start":{"line":165,"column":0},"end":{"line":184,"column":1}}]},"40":{"type":"branch","line":167,"loc":{"start":{"line":167,"column":12},"end":{"line":167,"column":81}},"locations":[{"start":{"line":167,"column":12},"end":{"line":167,"column":81}}]},"41":{"type":"branch","line":167,"loc":{"start":{"line":167,"column":80},"end":{"line":175,"column":29}},"locations":[{"start":{"line":167,"column":80},"end":{"line":175,"column":29}}]},"42":{"type":"branch","line":175,"loc":{"start":{"line":175,"column":29},"end":{"line":181,"column":3}},"locations":[{"start":{"line":175,"column":29},"end":{"line":181,"column":3}}]},"43":{"type":"branch","line":181,"loc":{"start":{"line":181,"column":2},"end":{"line":184,"column":1}},"locations":[{"start":{"line":181,"column":2},"end":{"line":184,"column":1}}]},"44":{"type":"branch","line":189,"loc":{"start":{"line":189,"column":0},"end":{"line":198,"column":1}},"locations":[{"start":{"line":189,"column":0},"end":{"line":198,"column":1}}]},"45":{"type":"branch","line":191,"loc":{"start":{"line":191,"column":24},"end":{"line":197,"column":3}},"locations":[{"start":{"line":191,"column":24},"end":{"line":197,"column":3}}]},"46":{"type":"branch","line":193,"loc":{"start":{"line":193,"column":8},"end":{"line":193,"column":47}},"locations":[{"start":{"line":193,"column":8},"end":{"line":193,"column":47}}]},"47":{"type":"branch","line":193,"loc":{"start":{"line":193,"column":47},"end":{"line":196,"column":5}},"locations":[{"start":{"line":193,"column":47},"end":{"line":196,"column":5}}]}},"b":{"0":[99],"1":[1],"2":[13],"3":[11],"4":[5],"5":[2],"6":[1],"7":[0],"8":[1],"9":[0],"10":[10],"11":[3],"12":[7],"13":[9],"14":[1],"15":[9],"16":[1],"17":[10],"18":[0],"19":[7],"20":[0],"21":[1],"22":[10],"23":[9],"24":[1],"25":[10],"26":[9],"27":[1],"28":[15],"29":[2],"30":[3],"31":[12],"32":[1],"33":[11],"34":[1],"35":[10],"36":[7],"37":[3],"38":[10],"39":[13],"40":[3],"41":[10],"42":[3],"43":[10],"44":[88],"45":[3],"46":[1],"47":[0]},"fnMap":{"0":{"name":"registerApp","decl":{"start":{"line":55,"column":7},"end":{"line":57,"column":1}},"loc":{"start":{"line":55,"column":7},"end":{"line":57,"column":1}},"line":55},"1":{"name":"getAvailableApps","decl":{"start":{"line":59,"column":7},"end":{"line":61,"column":1}},"loc":{"start":{"line":59,"column":7},"end":{"line":61,"column":1}},"line":59},"2":{"name":"asDoctypeList","decl":{"start":{"line":65,"column":0},"end":{"line":76,"column":1}},"loc":{"start":{"line":65,"column":0},"end":{"line":76,"column":1}},"line":65},"3":{"name":"wireHooks","decl":{"start":{"line":80,"column":0},"end":{"line":102,"column":1}},"loc":{"start":{"line":80,"column":0},"end":{"line":102,"column":1}},"line":80},"4":{"name":"unwireHooks","decl":{"start":{"line":104,"column":0},"end":{"line":109,"column":1}},"loc":{"start":{"line":104,"column":0},"end":{"line":109,"column":1}},"line":104},"5":{"name":"ensureSchedulerJobs","decl":{"start":{"line":113,"column":0},"end":{"line":120,"column":1}},"loc":{"start":{"line":113,"column":0},"end":{"line":120,"column":1}},"line":113},"6":{"name":"dropSchedulerJobs","decl":{"start":{"line":123,"column":0},"end":{"line":127,"column":1}},"loc":{"start":{"line":123,"column":0},"end":{"line":127,"column":1}},"line":123},"7":{"name":"isInstalled","decl":{"start":{"line":129,"column":0},"end":{"line":132,"column":1}},"loc":{"start":{"line":129,"column":0},"end":{"line":132,"column":1}},"line":129},"8":{"name":"listInstalledApps","decl":{"start":{"line":134,"column":0},"end":{"line":141,"column":1}},"loc":{"start":{"line":134,"column":0},"end":{"line":141,"column":1}},"line":134},"9":{"name":"installApp","decl":{"start":{"line":143,"column":0},"end":{"line":163,"column":1}},"loc":{"start":{"line":143,"column":0},"end":{"line":163,"column":1}},"line":143},"10":{"name":"uninstallApp","decl":{"start":{"line":165,"column":0},"end":{"line":184,"column":1}},"loc":{"start":{"line":165,"column":0},"end":{"line":184,"column":1}},"line":165},"11":{"name":"loadInstalledApps","decl":{"start":{"line":189,"column":0},"end":{"line":198,"column":1}},"loc":{"start":{"line":189,"column":0},"end":{"line":198,"column":1}},"line":189}},"f":{"0":99,"1":1,"2":13,"3":10,"4":10,"5":10,"6":10,"7":15,"8":2,"9":12,"10":13,"11":88}}
,"/home/user/frappe-clone/apps/server/src/assign.ts": {"path":"/home/user/frappe-clone/apps/server/src/assign.ts","all":false,"statementMap":{"0":{"start":{"line":1,"column":0},"end":{"line":1,"column":41}},"1":{"start":{"line":2,"column":0},"end":{"line":2,"column":26}},"2":{"start":{"line":3,"column":0},"end":{"line":3,"column":36}},"3":{"start":{"line":4,"column":0},"end":{"line":4,"column":45}},"9":{"start":{"line":10,"column":0},"end":{"line":10,"column":39}},"10":{"start":{"line":11,"column":0},"end":{"line":11,"column":18}},"11":{"start":{"line":12,"column":0},"end":{"line":12,"column":15}},"12":{"start":{"line":13,"column":0},"end":{"line":13,"column":19}},"13":{"start":{"line":14,"column":0},"end":{"line":14,"column":21}},"14":{"start":{"line":15,"column":0},"end":{"line":15,"column":23}},"15":{"start":{"line":16,"column":0},"end":{"line":16,"column":20}},"16":{"start":{"line":17,"column":0},"end":{"line":17,"column":29}},"17":{"start":{"line":18,"column":0},"end":{"line":18,"column":11}},"18":{"start":{"line":19,"column":0},"end":{"line":19,"column":5}},"19":{"start":{"line":20,"column":0},"end":{"line":20,"column":29}},"20":{"start":{"line":21,"column":0},"end":{"line":21,"column":33}},"21":{"start":{"line":22,"column":0},"end":{"line":22,"column":27}},"22":{"start":{"line":23,"column":0},"end":{"line":23,"column":64}},"23":{"start":{"line":24,"column":0},"end":{"line":24,"column":21}},"24":{"start":{"line":25,"column":0},"end":{"line":25,"column":6}},"25":{"start":{"line":26,"column":0},"end":{"line":26,"column":15}},"26":{"start":{"line":27,"column":0},"end":{"line":27,"column":3}},"27":{"start":{"line":28,"column":0},"end":{"line":28,"column":65}},"28":{"start":{"line":29,"column":0},"end":{"line":29,"column":12}},"29":{"start":{"line":30,"column":0},"end":{"line":30,"column":44}},"30":{"start":{"line":31,"column":0},"end":{"line":31,"column":43}},"31":{"start":{"line":32,"column":0},"end":{"line":32,"column":24}},"32":{"start":{"line":33,"column":0},"end":{"line":33,"column":30}},"33":{"start":{"line":34,"column":0},"end":{"line":34,"column":25}},"34":{"start":{"line":35,"column":0},"end":{"line":35,"column":14}},"35":{"start":{"line":36,"column":0},"end":{"line":36,"column":27}},"36":{"start":{"line":37,"column":0},"end":{"line":37,"column":21}},"37":{"start":{"line":38,"column":0},"end":{"line":38,"column":18}},"38":{"start":{"line":39,"column":0},"end":{"line":39,"column":8}},"39":{"start":{"line":40,"column":0},"end":{"line":40,"column":57}},"40":{"start":{"line":41,"column":0},"end":{"line":41,"column":28}},"41":{"start":{"line":42,"column":0},"end":{"line":42,"column":1}}},"s":{"0":1,"1":1,"2":1,"3":1,"9":5,"10":5,"11":5,"12":5,"13":5,"14":5,"15":5,"16":5,"17":5,"18":5,"19":5,"20":5,"21":5,"22":5,"23":5,"24":5,"25":5,"26":5,"27":5,"28":5,"29":5,"30":5,"31":5,"32":5,"33":5,"34":5,"35":5,"36":5,"37":5,"38":5,"39":5,"40":5,"41":5},"branchMap":{"0":{"type":"branch","line":10,"loc":{"start":{"line":10,"column":0},"end":{"line":42,"column":1}},"locations":[{"start":{"line":10,"column":0},"end":{"line":42,"column":1}}]},"1":{"type":"branch","line":23,"loc":{"start":{"line":23,"column":19},"end":{"line":23,"column":64}},"locations":[{"start":{"line":23,"column":19},"end":{"line":23,"column":64}}]}},"b":{"0":[5],"1":[1]},"fnMap":{"0":{"name":"createAssignment","decl":{"start":{"line":10,"column":0},"end":{"line":42,"column":1}},"loc":{"start":{"line":10,"column":0},"end":{"line":42,"column":1}},"line":10}},"f":{"0":5}}
,"/home/user/frappe-clone/apps/server/src/assignment-rules.ts": {"path":"/home/user/frappe-clone/apps/server/src/assignment-rules.ts","all":false,"statementMap":{"0":{"start":{"line":1,"column":0},"end":{"line":1,"column":26}},"1":{"start":{"line":2,"column":0},"end":{"line":2,"column":44}},"2":{"start":{"line":3,"column":0},"end":{"line":3,"column":32}},"3":{"start":{"line":4,"column":0},"end":{"line":4,"column":43}},"4":{"start":{"line":5,"column":0},"end":{"line":5,"column":48}},"13":{"start":{"line":14,"column":0},"end":{"line":14,"column":46}},"14":{"start":{"line":15,"column":0},"end":{"line":15,"column":18}},"15":{"start":{"line":16,"column":0},"end":{"line":16,"column":31}},"16":{"start":{"line":17,"column":0},"end":{"line":17,"column":18}},"18":{"start":{"line":19,"column":0},"end":{"line":19,"column":30}},"20":{"start":{"line":21,"column":0},"end":{"line":21,"column":22}},"22":{"start":{"line":23,"column":0},"end":{"line":23,"column":26}},"25":{"start":{"line":26,"column":0},"end":{"line":26,"column":58}},"27":{"start":{"line":28,"column":0},"end":{"line":28,"column":29}},"28":{"start":{"line":29,"column":0},"end":{"line":29,"column":100}},"29":{"start":{"line":30,"column":0},"end":{"line":30,"column":14}},"30":{"start":{"line":31,"column":0},"end":{"line":31,"column":27}},"32":{"start":{"line":33,"column":0},"end":{"line":33,"column":78}},"34":{"start":{"line":35,"column":0},"end":{"line":35,"column":67}},"35":{"start":{"line":36,"column":0},"end":{"line":36,"column":31}},"38":{"start":{"line":39,"column":0},"end":{"line":39,"column":63}},"39":{"start":{"line":40,"column":0},"end":{"line":40,"column":52}},"41":{"start":{"line":42,"column":0},"end":{"line":42,"column":27}},"42":{"start":{"line":43,"column":0},"end":{"line":43,"column":14}},"43":{"start":{"line":44,"column":0},"end":{"line":44,"column":23}},"44":{"start":{"line":45,"column":0},"end":{"line":45,"column":11}},"45":{"start":{"line":46,"column":0},"end":{"line":46,"column":22}},"46":{"start":{"line":47,"column":0},"end":{"line":47,"column":92}},"47":{"start":{"line":48,"column":0},"end":{"line":48,"column":5}},"48":{"start":{"line":49,"column":0},"end":{"line":49,"column":14}},"49":{"start":{"line":50,"column":0},"end":{"line":50,"column":93}},"51":{"start":{"line":52,"column":0},"end":{"line":52,"column":65}},"52":{"start":{"line":53,"column":0},"end":{"line":53,"column":16}},"55":{"start":{"line":56,"column":0},"end":{"line":56,"column":41}},"56":{"start":{"line":57,"column":0},"end":{"line":57,"column":59}},"57":{"start":{"line":58,"column":0},"end":{"line":58,"column":18}},"58":{"start":{"line":59,"column":0},"end":{"line":59,"column":71}},"59":{"start":{"line":60,"column":0},"end":{"line":60,"column":43}},"60":{"start":{"line":61,"column":0},"end":{"line":61,"column":25}},"61":{"start":{"line":62,"column":0},"end":{"line":62,"column":7}},"62":{"start":{"line":63,"column":0},"end":{"line":63,"column":5}},"63":{"start":{"line":64,"column":0},"end":{"line":64,"column":3}},"64":{"start":{"line":65,"column":0},"end":{"line":65,"column":1}}},"s":{"0":1,"1":1,"2":1,"3":1,"4":1,"13":619,"14":619,"15":619,"16":619,"18":619,"20":619,"22":619,"25":619,"27":619,"28":4,"29":4,"30":3,"32":3,"34":3,"35":3,"38":4,"39":4,"41":4,"42":4,"43":4,"44":4,"45":4,"46":4,"47":4,"48":3,"49":3,"51":4,"52":4,"55":3,"56":3,"57":3,"58":3,"59":3,"60":3,"61":3,"62":3,"63":4,"64":619},"branchMap":{"0":{"type":"branch","line":14,"loc":{"start":{"line":14,"column":0},"end":{"line":65,"column":1}},"locations":[{"start":{"line":14,"column":0},"end":{"line":65,"column":1}}]},"1":{"type":"branch","line":21,"loc":{"start":{"line":21,"column":16},"end":{"line":21,"column":22}},"locations":[{"start":{"line":21,"column":16},"end":{"line":21,"column":22}}]},"2":{"type":"branch","line":28,"loc":{"start":{"line":28,"column":28},"end":{"line":64,"column":3}},"locations":[{"start":{"line":28,"column":28},"end":{"line":64,"column":3}}]},"3":{"type":"branch","line":30,"loc":{"start":{"line":30,"column":6},"end":{"line":30,"column":14}},"locations":[{"start":{"line":30,"column":6},"end":{"line":30,"column":14}}]},"4":{"type":"branch","line":30,"loc":{"start":{"line":30,"column":6},"end":{"line":36,"column":31}},"locations":[{"start":{"line":30,"column":6},"end":{"line":36,"column":31}}]},"5":{"type":"branch","line":36,"loc":{"start":{"line":36,"column":23},"end":{"line":36,"column":31}},"locations":[{"start":{"line":36,"column":23},"end":{"line":36,"column":31}}]},"6":{"type":"branch","line":36,"loc":{"start":{"line":36,"column":23},"end":{"line":39,"column":59}},"locations":[{"start":{"line":36,"column":23},"end":{"line":39,"column":59}}]},"7":{"type":"branch","line":39,"loc":{"start":{"line":39,"column":46},"end":{"line":39,"column":61}},"locations":[{"start":{"line":39,"column":46},"end":{"line":39,"column":61}}]},"8":{"type":"branch","line":47,"loc":{"start":{"line":47,"column":12},"end":{"line":47,"column":92}},"locations":[{"start":{"line":47,"column":12},"end":{"line":47,"column":92}}]},"9":{"type":"branch","line":48,"loc":{"start":{"line":48,"column":4},"end":{"line":52,"column":64}},"locations":[{"start":{"line":48,"column":4},"end":{"line":52,"column":64}}]},"10":{"type":"branch","line":53,"loc":{"start":{"line":53,"column":15},"end":{"line":63,"column":5}},"locations":[{"start":{"line":53,"column":15},"end":{"line":63,"column":5}}]},"11":{"type":"branch","line":35,"loc":{"start":{"line":35,"column":27},"end":{"line":35,"column":50}},"locations":[{"start":{"line":35,"column":27},"end":{"line":35,"column":50}}]},"12":{"type":"branch","line":57,"loc":{"start":{"line":57,"column":27},"end":{"line":57,"column":55}},"locations":[{"start":{"line":57,"column":27},"end":{"line":57,"column":55}}]}},"b":{"0":[619],"1":[0],"2":[4],"3":[1],"4":[3],"5":[0],"6":[3],"7":[1],"8":[3],"9":[3],"10":[3],"11":[6],"12":[9]},"fnMap":{"0":{"name":"evaluateAssignmentRules","decl":{"start":{"line":14,"column":0},"end":{"line":65,"column":1}},"loc":{"start":{"line":14,"column":0},"end":{"line":65,"column":1}},"line":14}},"f":{"0":619}}
,"/home/user/frappe-clone/apps/server/src/controllers.ts": {"path":"/home/user/frappe-clone/apps/server/src/controllers.ts","all":false,"statementMap":{"0":{"start":{"line":1,"column":0},"end":{"line":1,"column":37}},"1":{"start":{"line":2,"column":0},"end":{"line":2,"column":41}},"2":{"start":{"line":3,"column":0},"end":{"line":3,"column":55}},"27":{"start":{"line":28,"column":0},"end":{"line":28,"column":28}},"28":{"start":{"line":29,"column":0},"end":{"line":29,"column":18}},"29":{"start":{"line":30,"column":0},"end":{"line":30,"column":20}},"30":{"start":{"line":31,"column":0},"end":{"line":31,"column":13}},"31":{"start":{"line":32,"column":0},"end":{"line":32,"column":16}},"32":{"start":{"line":33,"column":0},"end":{"line":33,"column":17}},"33":{"start":{"line":34,"column":0},"end":{"line":34,"column":15}},"34":{"start":{"line":35,"column":0},"end":{"line":35,"column":14}},"35":{"start":{"line":36,"column":0},"end":{"line":36,"column":18}},"36":{"start":{"line":37,"column":0},"end":{"line":37,"column":14}},"37":{"start":{"line":38,"column":0},"end":{"line":38,"column":18}},"38":{"start":{"line":39,"column":0},"end":{"line":39,"column":14}},"39":{"start":{"line":40,"column":0},"end":{"line":40,"column":13}},"40":{"start":{"line":41,"column":0},"end":{"line":41,"column":10}},"45":{"start":{"line":46,"column":0},"end":{"line":46,"column":35}},"52":{"start":{"line":53,"column":0},"end":{"line":53,"column":55}},"54":{"start":{"line":55,"column":0},"end":{"line":55,"column":67}},"55":{"start":{"line":56,"column":0},"end":{"line":56,"column":53}},"56":{"start":{"line":57,"column":0},"end":{"line":57,"column":23}},"57":{"start":{"line":58,"column":0},"end":{"line":58,"column":40}},"58":{"start":{"line":59,"column":0},"end":{"line":59,"column":1}},"60":{"start":{"line":61,"column":0},"end":{"line":61,"column":51}},"61":{"start":{"line":62,"column":0},"end":{"line":62,"column":26}},"62":{"start":{"line":63,"column":0},"end":{"line":63,"column":1}},"67":{"start":{"line":68,"column":0},"end":{"line":68,"column":69}},"68":{"start":{"line":69,"column":0},"end":{"line":69,"column":47}},"69":{"start":{"line":70,"column":0},"end":{"line":70,"column":19}},"70":{"start":{"line":71,"column":0},"end":{"line":71,"column":51}},"71":{"start":{"line":72,"column":0},"end":{"line":72,"column":57}},"72":{"start":{"line":73,"column":0},"end":{"line":73,"column":42}},"73":{"start":{"line":74,"column":0},"end":{"line":74,"column":1}},"75":{"start":{"line":76,"column":0},"end":{"line":76,"column":68}},"76":{"start":{"line":77,"column":0},"end":{"line":77,"column":63}},"77":{"start":{"line":78,"column":0},"end":{"line":78,"column":40}},"78":{"start":{"line":79,"column":0},"end":{"line":79,"column":29}},"79":{"start":{"line":80,"column":0},"end":{"line":80,"column":3}},"81":{"start":{"line":82,"column":0},"end":{"line":82,"column":66}},"82":{"start":{"line":83,"column":0},"end":{"line":83,"column":40}},"83":{"start":{"line":84,"column":0},"end":{"line":84,"column":29}},"84":{"start":{"line":85,"column":0},"end":{"line":85,"column":3}},"85":{"start":{"line":86,"column":0},"end":{"line":86,"column":1}},"90":{"start":{"line":91,"column":0},"end":{"line":91,"column":18}},"91":{"start":{"line":92,"column":0},"end":{"line":92,"column":41}},"92":{"start":{"line":93,"column":0},"end":{"line":93,"column":20}},"93":{"start":{"line":94,"column":0},"end":{"line":94,"column":15}},"94":{"start":{"line":95,"column":0},"end":{"line":95,"column":74}},"95":{"start":{"line":96,"column":0},"end":{"line":96,"column":26}},"96":{"start":{"line":97,"column":0},"end":{"line":97,"column":7}},"97":{"start":{"line":98,"column":0},"end":{"line":98,"column":68}},"98":{"start":{"line":99,"column":0},"end":{"line":99,"column":11}},"99":{"start":{"line":100,"column":0},"end":{"line":100,"column":10}},"100":{"start":{"line":101,"column":0},"end":{"line":101,"column":3}},"101":{"start":{"line":102,"column":0},"end":{"line":102,"column":29}},"102":{"start":{"line":103,"column":0},"end":{"line":103,"column":65}},"103":{"start":{"line":104,"column":0},"end":{"line":104,"column":67}},"104":{"start":{"line":105,"column":0},"end":{"line":105,"column":79}},"105":{"start":{"line":106,"column":0},"end":{"line":106,"column":3}},"106":{"start":{"line":107,"column":0},"end":{"line":107,"column":1}}},"s":{"0":1,"1":1,"2":1,"27":1,"28":1,"29":1,"30":1,"31":1,"32":1,"33":1,"34":1,"35":1,"36":1,"37":1,"38":1,"39":1,"40":1,"45":1,"52":1,"54":1,"55":701,"56":701,"57":701,"58":701,"60":1,"61":8,"62":8,"67":1,"68":7,"69":7,"70":7,"71":7,"72":6,"73":7,"75":4828,"76":4828,"77":619,"78":619,"79":619,"81":4828,"82":14,"83":14,"84":14,"85":4819,"90":1,"91":86,"92":86,"93":86,"94":86,"95":86,"96":86,"97":86,"98":86,"99":0,"100":0,"101":86,"102":688,"103":688,"104":688,"105":688,"106":86},"branchMap":{"0":{"type":"branch","line":55,"loc":{"start":{"line":55,"column":7},"end":{"line":59,"column":1}},"locations":[{"start":{"line":55,"column":7},"end":{"line":59,"column":1}}]},"1":{"type":"branch","line":56,"loc":{"start":{"line":56,"column":46},"end":{"line":56,"column":53}},"locations":[{"start":{"line":56,"column":46},"end":{"line":56,"column":53}}]},"2":{"type":"branch","line":61,"loc":{"start":{"line":61,"column":7},"end":{"line":63,"column":1}},"locations":[{"start":{"line":61,"column":7},"end":{"line":63,"column":1}}]},"3":{"type":"branch","line":68,"loc":{"start":{"line":68,"column":7},"end":{"line":74,"column":1}},"locations":[{"start":{"line":68,"column":7},"end":{"line":74,"column":1}}]},"4":{"type":"branch","line":70,"loc":{"start":{"line":70,"column":13},"end":{"line":70,"column":19}},"locations":[{"start":{"line":70,"column":13},"end":{"line":70,"column":19}}]},"5":{"type":"branch","line":72,"loc":{"start":{"line":72,"column":19},"end":{"line":72,"column":57}},"locations":[{"start":{"line":72,"column":19},"end":{"line":72,"column":57}}]},"6":{"type":"branch","line":72,"loc":{"start":{"line":72,"column":56},"end":{"line":73,"column":42}},"locations":[{"start":{"line":72,"column":56},"end":{"line":73,"column":42}}]},"7":{"type":"branch","line":71,"loc":{"start":{"line":71,"column":27},"end":{"line":71,"column":50}},"locations":[{"start":{"line":71,"column":27},"end":{"line":71,"column":50}}]},"8":{"type":"branch","line":76,"loc":{"start":{"line":76,"column":0},"end":{"line":86,"column":1}},"locations":[{"start":{"line":76,"column":0},"end":{"line":86,"column":1}}]},"9":{"type":"branch","line":77,"loc":{"start":{"line":77,"column":53},"end":{"line":77,"column":62}},"locations":[{"start":{"line":77,"column":53},"end":{"line":77,"column":62}}]},"10":{"type":"branch","line":77,"loc":{"start":{"line":77,"column":62},"end":{"line":80,"column":3}},"locations":[{"start":{"line":77,"column":62},"end":{"line":80,"column":3}}]},"11":{"type":"branch","line":79,"loc":{"start":{"line":79,"column":14},"end":{"line":79,"column":29}},"locations":[{"start":{"line":79,"column":14},"end":{"line":79,"column":29}}]},"12":{"type":"branch","line":80,"loc":{"start":{"line":80,"column":2},"end":{"line":82,"column":65}},"locations":[{"start":{"line":80,"column":2},"end":{"line":82,"column":65}}]},"13":{"type":"branch","line":80,"loc":{"start":{"line":80,"column":2},"end":{"line":82,"column":61}},"locations":[{"start":{"line":80,"column":2},"end":{"line":82,"column":61}}]},"14":{"type":"branch","line":82,"loc":{"start":{"line":82,"column":56},"end":{"line":82,"column":65}},"locations":[{"start":{"line":82,"column":56},"end":{"line":82,"column":65}}]},"15":{"type":"branch","line":82,"loc":{"start":{"line":82,"column":65},"end":{"line":85,"column":3}},"locations":[{"start":{"line":82,"column":65},"end":{"line":85,"column":3}}]},"16":{"type":"branch","line":84,"loc":{"start":{"line":84,"column":14},"end":{"line":84,"column":29}},"locations":[{"start":{"line":84,"column":14},"end":{"line":84,"column":29}}]},"17":{"type":"branch","line":85,"loc":{"start":{"line":85,"column":2},"end":{"line":86,"column":1}},"locations":[{"start":{"line":85,"column":2},"end":{"line":86,"column":1}}]},"18":{"type":"branch","line":92,"loc":{"start":{"line":92,"column":0},"end":{"line":107,"column":1}},"locations":[{"start":{"line":92,"column":0},"end":{"line":107,"column":1}}]},"19":{"type":"branch","line":93,"loc":{"start":{"line":93,"column":14},"end":{"line":93,"column":20}},"locations":[{"start":{"line":93,"column":14},"end":{"line":93,"column":20}}]},"20":{"type":"branch","line":99,"loc":{"start":{"line":99,"column":2},"end":{"line":101,"column":3}},"locations":[{"start":{"line":99,"column":2},"end":{"line":101,"column":3}}]},"21":{"type":"branch","line":102,"loc":{"start":{"line":102,"column":28},"end":{"line":106,"column":3}},"locations":[{"start":{"line":102,"column":28},"end":{"line":106,"column":3}}]},"22":{"type":"branch","line":98,"loc":{"start":{"line":98,"column":36},"end":{"line":98,"column":67}},"locations":[{"start":{"line":98,"column":36},"end":{"line":98,"column":67}}]}},"b":{"0":[701],"1":[700],"2":[8],"3":[7],"4":[0],"5":[1],"6":[6],"7":[8],"8":[4828],"9":[4216],"10":[619],"11":[126],"12":[4820],"13":[4819],"14":[4805],"15":[14],"16":[2],"17":[4819],"18":[86],"19":[0],"20":[0],"21":[688],"22":[688]},"fnMap":{"0":{"name":"registerController","decl":{"start":{"line":55,"column":7},"end":{"line":59,"column":1}},"loc":{"start":{"line":55,"column":7},"end":{"line":59,"column":1}},"line":55},"1":{"name":"clearControllers","decl":{"start":{"line":61,"column":7},"end":{"line":63,"column":1}},"loc":{"start":{"line":61,"column":7},"end":{"line":63,"column":1}},"line":61},"2":{"name":"unregisterController","decl":{"start":{"line":68,"column":7},"end":{"line":74,"column":1}},"loc":{"start":{"line":68,"column":7},"end":{"line":74,"column":1}},"line":68},"3":{"name":"runHooks","decl":{"start":{"line":76,"column":0},"end":{"line":86,"column":1}},"loc":{"start":{"line":76,"column":0},"end":{"line":86,"column":1}},"line":76},"4":{"name":"loadControllers","decl":{"start":{"line":92,"column":0},"end":{"line":107,"column":1}},"loc":{"start":{"line":92,"column":0},"end":{"line":107,"column":1}},"line":92}},"f":{"0":701,"1":8,"2":7,"3":4828,"4":86}}
,"/home/user/frappe-clone/apps/server/src/email-rules.ts": {"path":"/home/user/frappe-clone/apps/server/src/email-rules.ts","all":false,"statementMap":{"0":{"start":{"line":1,"column":0},"end":{"line":1,"column":26}},"1":{"start":{"line":2,"column":0},"end":{"line":2,"column":52}},"9":{"start":{"line":10,"column":0},"end":{"line":10,"column":41}},"10":{"start":{"line":11,"column":0},"end":{"line":11,"column":24}},"11":{"start":{"line":12,"column":0},"end":{"line":12,"column":18}},"12":{"start":{"line":13,"column":0},"end":{"line":13,"column":31}},"17":{"start":{"line":18,"column":0},"end":{"line":18,"column":32}},"18":{"start":{"line":19,"column":0},"end":{"line":19,"column":18}},"20":{"start":{"line":21,"column":0},"end":{"line":21,"column":30}},"22":{"start":{"line":23,"column":0},"end":{"line":23,"column":22}},"24":{"start":{"line":25,"column":0},"end":{"line":25,"column":26}},"27":{"start":{"line":28,"column":0},"end":{"line":28,"column":77}},"29":{"start":{"line":30,"column":0},"end":{"line":30,"column":29}},"30":{"start":{"line":31,"column":0},"end":{"line":31,"column":55}},"31":{"start":{"line":32,"column":0},"end":{"line":32,"column":16}},"32":{"start":{"line":33,"column":0},"end":{"line":33,"column":57}},"33":{"start":{"line":34,"column":0},"end":{"line":34,"column":65}},"34":{"start":{"line":35,"column":0},"end":{"line":35,"column":39}},"35":{"start":{"line":36,"column":0},"end":{"line":36,"column":16}},"36":{"start":{"line":37,"column":0},"end":{"line":37,"column":69}},"37":{"start":{"line":38,"column":0},"end":{"line":38,"column":81}},"38":{"start":{"line":39,"column":0},"end":{"line":39,"column":7}},"39":{"start":{"line":40,"column":0},"end":{"line":40,"column":5}},"42":{"start":{"line":43,"column":0},"end":{"line":43,"column":71}},"43":{"start":{"line":44,"column":0},"end":{"line":44,"column":21}},"44":{"start":{"line":45,"column":0},"end":{"line":45,"column":22}},"45":{"start":{"line":46,"column":0},"end":{"line":46,"column":9}},"46":{"start":{"line":47,"column":0},"end":{"line":47,"column":87}},"47":{"start":{"line":48,"column":0},"end":{"line":48,"column":43}},"48":{"start":{"line":49,"column":0},"end":{"line":49,"column":33}},"49":{"start":{"line":50,"column":0},"end":{"line":50,"column":39}},"50":{"start":{"line":51,"column":0},"end":{"line":51,"column":19}},"51":{"start":{"line":52,"column":0},"end":{"line":52,"column":6}},"52":{"start":{"line":53,"column":0},"end":{"line":53,"column":3}},"53":{"start":{"line":54,"column":0},"end":{"line":54,"column":1}}},"s":{"0":1,"1":1,"9":1339,"10":1339,"11":1339,"12":1339,"17":1339,"18":1339,"20":1339,"22":1339,"24":1339,"27":1339,"29":1339,"30":14,"31":14,"32":11,"33":11,"34":11,"35":7,"36":4,"37":4,"38":4,"39":11,"42":14,"43":14,"44":7,"45":7,"46":14,"47":14,"48":14,"49":14,"50":14,"51":14,"52":7,"53":1339},"branchMap":{"0":{"type":"branch","line":10,"loc":{"start":{"line":10,"column":0},"end":{"line":54,"column":1}},"locations":[{"start":{"line":10,"column":0},"end":{"line":54,"column":1}}]},"1":{"type":"branch","line":23,"loc":{"start":{"line":23,"column":16},"end":{"line":23,"column":22}},"locations":[{"start":{"line":23,"column":16},"end":{"line":23,"column":22}}]},"2":{"type":"branch","line":30,"loc":{"start":{"line":30,"column":28},"end":{"line":53,"column":3}},"locations":[{"start":{"line":30,"column":28},"end":{"line":53,"column":3}}]},"3":{"type":"branch","line":32,"loc":{"start":{"line":32,"column":15},"end":{"line":40,"column":5}},"locations":[{"start":{"line":32,"column":15},"end":{"line":40,"column":5}}]},"4":{"type":"branch","line":33,"loc":{"start":{"line":33,"column":35},"end":{"line":33,"column":56}},"locations":[{"start":{"line":33,"column":35},"end":{"line":33,"column":56}}]},"5":{"type":"branch","line":34,"loc":{"start":{"line":34,"column":35},"end":{"line":34,"column":47}},"locations":[{"start":{"line":34,"column":35},"end":{"line":34,"column":47}}]},"6":{"type":"branch","line":35,"loc":{"start":{"line":35,"column":31},"end":{"line":39,"column":7}},"locations":[{"start":{"line":35,"column":31},"end":{"line":39,"column":7}}]},"7":{"type":"branch","line":35,"loc":{"start":{"line":35,"column":31},"end":{"line":35,"column":39}},"locations":[{"start":{"line":35,"column":31},"end":{"line":35,"column":39}}]},"8":{"type":"branch","line":35,"loc":{"start":{"line":35,"column":31},"end":{"line":36,"column":15}},"locations":[{"start":{"line":35,"column":31},"end":{"line":36,"column":15}}]},"9":{"type":"branch","line":36,"loc":{"start":{"line":36,"column":15},"end":{"line":39,"column":7}},"locations":[{"start":{"line":36,"column":15},"end":{"line":39,"column":7}}]},"10":{"type":"branch","line":37,"loc":{"start":{"line":37,"column":39},"end":{"line":37,"column":51}},"locations":[{"start":{"line":37,"column":39},"end":{"line":37,"column":51}}]},"11":{"type":"branch","line":38,"loc":{"start":{"line":38,"column":35},"end":{"line":38,"column":81}},"locations":[{"start":{"line":38,"column":35},"end":{"line":38,"column":81}}]},"12":{"type":"branch","line":40,"loc":{"start":{"line":40,"column":4},"end":{"line":43,"column":55}},"locations":[{"start":{"line":40,"column":4},"end":{"line":43,"column":55}}]},"13":{"type":"branch","line":43,"loc":{"start":{"line":43,"column":42},"end":{"line":43,"column":57}},"locations":[{"start":{"line":43,"column":42},"end":{"line":43,"column":57}}]},"14":{"type":"branch","line":44,"loc":{"start":{"line":44,"column":13},"end":{"line":44,"column":21}},"locations":[{"start":{"line":44,"column":13},"end":{"line":44,"column":21}}]},"15":{"type":"branch","line":44,"loc":{"start":{"line":44,"column":13},"end":{"line":47,"column":43}},"locations":[{"start":{"line":44,"column":13},"end":{"line":47,"column":43}}]},"16":{"type":"branch","line":47,"loc":{"start":{"line":47,"column":21},"end":{"line":47,"column":87}},"locations":[{"start":{"line":47,"column":21},"end":{"line":47,"column":87}}]},"17":{"type":"branch","line":48,"loc":{"start":{"line":48,"column":18},"end":{"line":48,"column":43}},"locations":[{"start":{"line":48,"column":18},"end":{"line":48,"column":43}}]},"18":{"type":"branch","line":52,"loc":{"start":{"line":52,"column":5},"end":{"line":53,"column":3}},"locations":[{"start":{"line":52,"column":5},"end":{"line":53,"column":3}}]}},"b":{"0":[1339],"1":[0],"2":[14],"3":[11],"4":[0],"5":[0],"6":[7],"7":[5],"8":[6],"9":[4],"10":[0],"11":[1],"12":[8],"13":[0],"14":[1],"15":[7],"16":[0],"17":[0],"18":[7]},"fnMap":{"0":{"name":"evaluateEmailRules","decl":{"start":{"line":10,"column":0},"end":{"line":54,"column":1}},"loc":{"start":{"line":10,"column":0},"end":{"line":54,"column":1}},"line":10}},"f":{"0":1339}}
,"/home/user/frappe-clone/apps/server/src/query.ts": {"path":"/home/user/frappe-clone/apps/server/src/query.ts","all":false,"statementMap":{"0":{"start":{"line":1,"column":0},"end":{"line":1,"column":26}},"1":{"start":{"line":2,"column":0},"end":{"line":2,"column":35}},"2":{"start":{"line":3,"column":0},"end":{"line":3,"column":50}},"3":{"start":{"line":4,"column":0},"end":{"line":4,"column":62}},"4":{"start":{"line":5,"column":0},"end":{"line":5,"column":83}},"16":{"start":{"line":17,"column":0},"end":{"line":17,"column":90}},"18":{"start":{"line":19,"column":0},"end":{"line":19,"column":75}},"21":{"start":{"line":22,"column":0},"end":{"line":22,"column":98}},"23":{"start":{"line":24,"column":0},"end":{"line":24,"column":52}},"24":{"start":{"line":25,"column":0},"end":{"line":25,"column":48}},"25":{"start":{"line":26,"column":0},"end":{"line":26,"column":30}},"26":{"start":{"line":27,"column":0},"end":{"line":27,"column":81}},"27":{"start":{"line":28,"column":0},"end":{"line":28,"column":27}},"28":{"start":{"line":29,"column":0},"end":{"line":29,"column":13}},"29":{"start":{"line":30,"column":0},"end":{"line":30,"column":1}},"31":{"start":{"line":32,"column":0},"end":{"line":32,"column":71}},"32":{"start":{"line":33,"column":0},"end":{"line":33,"column":23}},"33":{"start":{"line":34,"column":0},"end":{"line":34,"column":68}},"34":{"start":{"line":35,"column":0},"end":{"line":35,"column":40}},"35":{"start":{"line":36,"column":0},"end":{"line":36,"column":6}},"36":{"start":{"line":37,"column":0},"end":{"line":37,"column":1}},"42":{"start":{"line":43,"column":0},"end":{"line":43,"column":27}},"43":{"start":{"line":44,"column":0},"end":{"line":44,"column":18}},"44":{"start":{"line":45,"column":0},"end":{"line":45,"column":15}},"45":{"start":{"line":46,"column":0},"end":{"line":46,"column":26}},"46":{"start":{"line":47,"column":0},"end":{"line":47,"column":3}},"47":{"start":{"line":48,"column":0},"end":{"line":48,"column":37}},"48":{"start":{"line":49,"column":0},"end":{"line":49,"column":60}},"49":{"start":{"line":50,"column":0},"end":{"line":50,"column":23}},"50":{"start":{"line":51,"column":0},"end":{"line":51,"column":89}},"51":{"start":{"line":52,"column":0},"end":{"line":52,"column":20}},"52":{"start":{"line":53,"column":0},"end":{"line":53,"column":23}},"53":{"start":{"line":54,"column":0},"end":{"line":54,"column":24}},"54":{"start":{"line":55,"column":0},"end":{"line":55,"column":86}},"55":{"start":{"line":56,"column":0},"end":{"line":56,"column":5}},"56":{"start":{"line":57,"column":0},"end":{"line":57,"column":30}},"57":{"start":{"line":58,"column":0},"end":{"line":58,"column":34}},"59":{"start":{"line":60,"column":0},"end":{"line":60,"column":36}},"62":{"start":{"line":63,"column":0},"end":{"line":63,"column":49}},"63":{"start":{"line":64,"column":0},"end":{"line":64,"column":59}},"68":{"start":{"line":69,"column":0},"end":{"line":69,"column":36}},"69":{"start":{"line":70,"column":0},"end":{"line":70,"column":50}},"70":{"start":{"line":71,"column":0},"end":{"line":71,"column":21}},"71":{"start":{"line":72,"column":0},"end":{"line":72,"column":36}},"72":{"start":{"line":73,"column":0},"end":{"line":73,"column":53}},"73":{"start":{"line":74,"column":0},"end":{"line":74,"column":36}},"74":{"start":{"line":75,"column":0},"end":{"line":75,"column":58}},"75":{"start":{"line":76,"column":0},"end":{"line":76,"column":44}},"76":{"start":{"line":77,"column":0},"end":{"line":77,"column":20}},"77":{"start":{"line":78,"column":0},"end":{"line":78,"column":26}},"78":{"start":{"line":79,"column":0},"end":{"line":79,"column":94}},"79":{"start":{"line":80,"column":0},"end":{"line":80,"column":11}},"80":{"start":{"line":81,"column":0},"end":{"line":81,"column":7}},"81":{"start":{"line":82,"column":0},"end":{"line":82,"column":5}},"82":{"start":{"line":83,"column":0},"end":{"line":83,"column":3}},"83":{"start":{"line":84,"column":0},"end":{"line":84,"column":38}},"84":{"start":{"line":85,"column":0},"end":{"line":85,"column":48}},"85":{"start":{"line":86,"column":0},"end":{"line":86,"column":91}},"86":{"start":{"line":87,"column":0},"end":{"line":87,"column":34}},"87":{"start":{"line":88,"column":0},"end":{"line":88,"column":39}},"88":{"start":{"line":89,"column":0},"end":{"line":89,"column":50}},"89":{"start":{"line":90,"column":0},"end":{"line":90,"column":76}},"90":{"start":{"line":91,"column":0},"end":{"line":91,"column":17}},"91":{"start":{"line":92,"column":0},"end":{"line":92,"column":62}},"92":{"start":{"line":93,"column":0},"end":{"line":93,"column":78}},"93":{"start":{"line":94,"column":0},"end":{"line":94,"column":62}},"94":{"start":{"line":95,"column":0},"end":{"line":95,"column":62}},"95":{"start":{"line":96,"column":0},"end":{"line":96,"column":64}},"96":{"start":{"line":97,"column":0},"end":{"line":97,"column":64}},"97":{"start":{"line":98,"column":0},"end":{"line":98,"column":75}},"98":{"start":{"line":99,"column":0},"end":{"line":99,"column":83}},"99":{"start":{"line":100,"column":0},"end":{"line":100,"column":120}},"100":{"start":{"line":101,"column":0},"end":{"line":101,"column":122}},"101":{"start":{"line":102,"column":0},"end":{"line":102,"column":5}},"102":{"start":{"line":103,"column":0},"end":{"line":103,"column":4}},"103":{"start":{"line":104,"column":0},"end":{"line":104,"column":44}},"104":{"start":{"line":105,"column":0},"end":{"line":105,"column":95}},"105":{"start":{"line":106,"column":0},"end":{"line":106,"column":37}},"106":{"start":{"line":107,"column":0},"end":{"line":107,"column":1}},"110":{"start":{"line":111,"column":0},"end":{"line":111,"column":32}},"111":{"start":{"line":112,"column":0},"end":{"line":112,"column":18}},"112":{"start":{"line":113,"column":0},"end":{"line":113,"column":25}},"113":{"start":{"line":114,"column":0},"end":{"line":114,"column":25}},"114":{"start":{"line":115,"column":0},"end":{"line":115,"column":20}},"115":{"start":{"line":116,"column":0},"end":{"line":116,"column":68}},"116":{"start":{"line":117,"column":0},"end":{"line":117,"column":96}},"117":{"start":{"line":118,"column":0},"end":{"line":118,"column":24}},"118":{"start":{"line":119,"column":0},"end":{"line":119,"column":1}},"123":{"start":{"line":124,"column":0},"end":{"line":124,"column":33}},"124":{"start":{"line":125,"column":0},"end":{"line":125,"column":18}},"125":{"start":{"line":126,"column":0},"end":{"line":126,"column":16}},"126":{"start":{"line":127,"column":0},"end":{"line":127,"column":25}},"127":{"start":{"line":128,"column":0},"end":{"line":128,"column":25}},"128":{"start":{"line":129,"column":0},"end":{"line":129,"column":48}},"129":{"start":{"line":130,"column":0},"end":{"line":130,"column":74}},"130":{"start":{"line":131,"column":0},"end":{"line":131,"column":39}},"131":{"start":{"line":132,"column":0},"end":{"line":132,"column":25}},"132":{"start":{"line":133,"column":0},"end":{"line":133,"column":63}},"133":{"start":{"line":134,"column":0},"end":{"line":134,"column":37}},"134":{"start":{"line":135,"column":0},"end":{"line":135,"column":26}},"136":{"start":{"line":137,"column":0},"end":{"line":137,"column":90}},"137":{"start":{"line":138,"column":0},"end":{"line":138,"column":1}},"139":{"start":{"line":140,"column":0},"end":{"line":140,"column":93}},"140":{"start":{"line":141,"column":0},"end":{"line":141,"column":91}},"142":{"start":{"line":143,"column":0},"end":{"line":143,"column":61}},"143":{"start":{"line":144,"column":0},"end":{"line":144,"column":59}},"145":{"start":{"line":146,"column":0},"end":{"line":146,"column":48}},"146":{"start":{"line":147,"column":0},"end":{"line":147,"column":58}},"147":{"start":{"line":148,"column":0},"end":{"line":148,"column":22}},"148":{"start":{"line":149,"column":0},"end":{"line":149,"column":78}},"149":{"start":{"line":150,"column":0},"end":{"line":150,"column":86}},"150":{"start":{"line":151,"column":0},"end":{"line":151,"column":21}},"151":{"start":{"line":152,"column":0},"end":{"line":152,"column":44}},"152":{"start":{"line":153,"column":0},"end":{"line":153,"column":3}},"153":{"start":{"line":154,"column":0},"end":{"line":154,"column":44}},"155":{"start":{"line":156,"column":0},"end":{"line":156,"column":72}},"156":{"start":{"line":157,"column":0},"end":{"line":157,"column":51}},"158":{"start":{"line":159,"column":0},"end":{"line":159,"column":25}},"159":{"start":{"line":160,"column":0},"end":{"line":160,"column":44}},"160":{"start":{"line":161,"column":0},"end":{"line":161,"column":18}},"161":{"start":{"line":162,"column":0},"end":{"line":162,"column":77}},"162":{"start":{"line":163,"column":0},"end":{"line":163,"column":36}},"163":{"start":{"line":164,"column":0},"end":{"line":164,"column":32}},"164":{"start":{"line":165,"column":0},"end":{"line":165,"column":68}},"165":{"start":{"line":166,"column":0},"end":{"line":166,"column":94}},"166":{"start":{"line":167,"column":0},"end":{"line":167,"column":1}}},"s":{"0":1,"1":1,"2":1,"3":1,"4":1,"16":1,"18":1,"21":1,"23":54,"24":54,"25":54,"26":54,"27":185,"28":54,"29":54,"31":151,"32":151,"33":151,"34":4,"35":4,"36":151,"42":61,"43":61,"44":61,"45":61,"46":61,"47":61,"48":60,"49":60,"50":61,"51":55,"52":61,"53":1,"54":1,"55":1,"56":54,"57":54,"59":54,"62":54,"63":60,"68":59,"69":15,"70":15,"71":4,"72":4,"73":4,"74":6,"75":2,"76":2,"77":2,"78":2,"79":2,"80":6,"81":4,"82":15,"83":54,"84":30,"85":30,"86":30,"87":30,"88":30,"89":30,"90":28,"91":30,"92":30,"93":30,"94":30,"95":30,"96":30,"97":30,"98":30,"99":30,"100":30,"101":30,"102":54,"103":54,"104":61,"105":61,"106":61,"110":5,"111":5,"112":5,"113":5,"114":5,"115":5,"116":4,"117":4,"118":4,"123":3,"124":3,"125":3,"126":3,"127":3,"128":3,"129":3,"130":2,"131":2,"132":2,"133":2,"134":2,"136":2,"137":2,"139":53,"140":53,"142":53,"143":53,"145":52,"146":53,"147":53,"148":7,"149":7,"150":6,"151":7,"152":7,"153":43,"155":53,"156":53,"158":53,"159":53,"160":53,"161":53,"162":53,"163":42,"164":42,"165":42,"166":42},"branchMap":{"0":{"type":"branch","line":24,"loc":{"start":{"line":24,"column":0},"end":{"line":30,"column":1}},"locations":[{"start":{"line":24,"column":0},"end":{"line":30,"column":1}}]},"1":{"type":"branch","line":27,"loc":{"start":{"line":27,"column":4},"end":{"line":28,"column":27}},"locations":[{"start":{"line":27,"column":4},"end":{"line":28,"column":27}}]},"2":{"type":"branch","line":27,"loc":{"start":{"line":27,"column":40},"end":{"line":27,"column":81}},"locations":[{"start":{"line":27,"column":40},"end":{"line":27,"column":81}}]},"3":{"type":"branch","line":28,"loc":{"start":{"line":28,"column":6},"end":{"line":28,"column":27}},"locations":[{"start":{"line":28,"column":6},"end":{"line":28,"column":27}}]},"4":{"type":"branch","line":32,"loc":{"start":{"line":32,"column":0},"end":{"line":37,"column":1}},"locations":[{"start":{"line":32,"column":0},"end":{"line":37,"column":1}}]},"5":{"type":"branch","line":34,"loc":{"start":{"line":34,"column":4},"end":{"line":36,"column":6}},"locations":[{"start":{"line":34,"column":4},"end":{"line":36,"column":6}}]},"6":{"type":"branch","line":43,"loc":{"start":{"line":43,"column":0},"end":{"line":107,"column":1}},"locations":[{"start":{"line":43,"column":0},"end":{"line":107,"column":1}}]},"7":{"type":"branch","line":48,"loc":{"start":{"line":48,"column":36},"end":{"line":51,"column":10}},"locations":[{"start":{"line":48,"column":36},"end":{"line":51,"column":10}}]},"8":{"type":"branch","line":51,"loc":{"start":{"line":51,"column":4},"end":{"line":51,"column":89}},"locations":[{"start":{"line":51,"column":4},"end":{"line":51,"column":89}}]},"9":{"type":"branch","line":51,"loc":{"start":{"line":51,"column":88},"end":{"line":53,"column":10}},"locations":[{"start":{"line":51,"column":88},"end":{"line":53,"column":10}}]},"10":{"type":"branch","line":53,"loc":{"start":{"line":53,"column":4},"end":{"line":56,"column":5}},"locations":[{"start":{"line":53,"column":4},"end":{"line":56,"column":5}}]},"11":{"type":"branch","line":56,"loc":{"start":{"line":56,"column":4},"end":{"line":105,"column":86}},"locations":[{"start":{"line":56,"column":4},"end":{"line":105,"column":86}}]},"12":{"type":"branch","line":56,"loc":{"start":{"line":56,"column":4},"end":{"line":64,"column":33}},"locations":[{"start":{"line":56,"column":4},"end":{"line":64,"column":33}}]},"13":{"type":"branch","line":64,"loc":{"start":{"line":64,"column":25},"end":{"line":64,"column":59}},"locations":[{"start":{"line":64,"column":25},"end":{"line":64,"column":59}}]},"14":{"type":"branch","line":64,"loc":{"start":{"line":64,"column":58},"end":{"line":105,"column":86}},"locations":[{"start":{"line":64,"column":58},"end":{"line":105,"column":86}}]},"15":{"type":"branch","line":64,"loc":{"start":{"line":64,"column":58},"end":{"line":69,"column":35}},"locations":[{"start":{"line":64,"column":58},"end":{"line":69,"column":35}}]},"16":{"type":"branch","line":69,"loc":{"start":{"line":69,"column":35},"end":{"line":83,"column":3}},"locations":[{"start":{"line":69,"column":35},"end":{"line":83,"column":3}}]},"17":{"type":"branch","line":71,"loc":{"start":{"line":71,"column":20},"end":{"line":82,"column":5}},"locations":[{"start":{"line":71,"column":20},"end":{"line":82,"column":5}}]},"18":{"type":"branch","line":73,"loc":{"start":{"line":73,"column":15},"end":{"line":73,"column":53}},"locations":[{"start":{"line":73,"column":15},"end":{"line":73,"column":53}}]},"19":{"type":"branch","line":74,"loc":{"start":{"line":74,"column":35},"end":{"line":81,"column":7}},"locations":[{"start":{"line":74,"column":35},"end":{"line":81,"column":7}}]},"20":{"type":"branch","line":75,"loc":{"start":{"line":75,"column":28},"end":{"line":75,"column":50}},"locations":[{"start":{"line":75,"column":28},"end":{"line":75,"column":50}}]},"21":{"type":"branch","line":75,"loc":{"start":{"line":75,"column":50},"end":{"line":80,"column":11}},"locations":[{"start":{"line":75,"column":50},"end":{"line":80,"column":11}}]},"22":{"type":"branch","line":75,"loc":{"start":{"line":75,"column":50},"end":{"line":75,"column":58}},"locations":[{"start":{"line":75,"column":50},"end":{"line":75,"column":58}}]},"23":{"type":"branch","line":75,"loc":{"start":{"line":75,"column":50},"end":{"line":80,"column":11}},"locations":[{"start":{"line":75,"column":50},"end":{"line":80,"column":11}}]},"24":{"type":"branch","line":83,"loc":{"start":{"line":83,"column":2},"end":{"line":105,"column":86}},"locations":[{"start":{"line":83,"column":2},"end":{"line":105,"column":86}}]},"25":{"type":"branch","line":83,"loc":{"start":{"line":83,"column":2},"end":{"line":105,"column":34}},"locations":[{"start":{"line":83,"column":2},"end":{"line":105,"column":34}}]},"26":{"type":"branch","line":105,"loc":{"start":{"line":105,"column":25},"end":{"line":105,"column":86}},"locations":[{"start":{"line":105,"column":25},"end":{"line":105,"column":86}}]},"27":{"type":"branch","line":105,"loc":{"start":{"line":105,"column":82},"end":{"line":105,"column":95}},"locations":[{"start":{"line":105,"column":82},"end":{"line":105,"column":95}}]},"28":{"type":"branch","line":84,"loc":{"start":{"line":84,"column":28},"end":{"line":103,"column":3}},"locations":[{"start":{"line":84,"column":28},"end":{"line":103,"column":3}}]},"29":{"type":"branch","line":86,"loc":{"start":{"line":86,"column":6},"end":{"line":86,"column":91}},"locations":[{"start":{"line":86,"column":6},"end":{"line":86,"column":91}}]},"30":{"type":"branch","line":90,"loc":{"start":{"line":90,"column":6},"end":{"line":90,"column":76}},"locations":[{"start":{"line":90,"column":6},"end":{"line":90,"column":76}}]},"31":{"type":"branch","line":90,"loc":{"start":{"line":90,"column":75},"end":{"line":91,"column":17}},"locations":[{"start":{"line":90,"column":75},"end":{"line":91,"column":17}}]},"32":{"type":"branch","line":92,"loc":{"start":{"line":92,"column":6},"end":{"line":92,"column":62}},"locations":[{"start":{"line":92,"column":6},"end":{"line":92,"column":62}}]},"33":{"type":"branch","line":93,"loc":{"start":{"line":93,"column":6},"end":{"line":93,"column":78}},"locations":[{"start":{"line":93,"column":6},"end":{"line":93,"column":78}}]},"34":{"type":"branch","line":94,"loc":{"start":{"line":94,"column":6},"end":{"line":94,"column":62}},"locations":[{"start":{"line":94,"column":6},"end":{"line":94,"column":62}}]},"35":{"type":"branch","line":95,"loc":{"start":{"line":95,"column":6},"end":{"line":95,"column":62}},"locations":[{"start":{"line":95,"column":6},"end":{"line":95,"column":62}}]},"36":{"type":"branch","line":96,"loc":{"start":{"line":96,"column":6},"end":{"line":96,"column":64}},"locations":[{"start":{"line":96,"column":6},"end":{"line":96,"column":64}}]},"37":{"type":"branch","line":97,"loc":{"start":{"line":97,"column":6},"end":{"line":97,"column":64}},"locations":[{"start":{"line":97,"column":6},"end":{"line":97,"column":64}}]},"38":{"type":"branch","line":98,"loc":{"start":{"line":98,"column":6},"end":{"line":98,"column":75}},"locations":[{"start":{"line":98,"column":6},"end":{"line":98,"column":75}}]},"39":{"type":"branch","line":99,"loc":{"start":{"line":99,"column":6},"end":{"line":99,"column":83}},"locations":[{"start":{"line":99,"column":6},"end":{"line":99,"column":83}}]},"40":{"type":"branch","line":100,"loc":{"start":{"line":100,"column":6},"end":{"line":100,"column":120}},"locations":[{"start":{"line":100,"column":6},"end":{"line":100,"column":120}}]},"41":{"type":"branch","line":100,"loc":{"start":{"line":100,"column":81},"end":{"line":100,"column":117}},"locations":[{"start":{"line":100,"column":81},"end":{"line":100,"column":117}}]},"42":{"type":"branch","line":101,"loc":{"start":{"line":101,"column":6},"end":{"line":101,"column":122}},"locations":[{"start":{"line":101,"column":6},"end":{"line":101,"column":122}}]},"43":{"type":"branch","line":105,"loc":{"start":{"line":105,"column":50},"end":{"line":105,"column":82}},"locations":[{"start":{"line":105,"column":50},"end":{"line":105,"column":82}}]},"44":{"type":"branch","line":111,"loc":{"start":{"line":111,"column":0},"end":{"line":119,"column":1}},"locations":[{"start":{"line":111,"column":0},"end":{"line":119,"column":1}}]},"45":{"type":"branch","line":116,"loc":{"start":{"line":116,"column":67},"end":{"line":119,"column":1}},"locations":[{"start":{"line":116,"column":67},"end":{"line":119,"column":1}}]},"46":{"type":"branch","line":124,"loc":{"start":{"line":124,"column":0},"end":{"line":138,"column":1}},"locations":[{"start":{"line":124,"column":0},"end":{"line":138,"column":1}}]},"47":{"type":"branch","line":130,"loc":{"start":{"line":130,"column":73},"end":{"line":138,"column":1}},"locations":[{"start":{"line":130,"column":73},"end":{"line":138,"column":1}}]},"48":{"type":"branch","line":137,"loc":{"start":{"line":137,"column":18},"end":{"line":137,"column":89}},"locations":[{"start":{"line":137,"column":18},"end":{"line":137,"column":89}}]},"49":{"type":"branch","line":137,"loc":{"start":{"line":137,"column":38},"end":{"line":137,"column":62}},"locations":[{"start":{"line":137,"column":38},"end":{"line":137,"column":62}}]},"50":{"type":"branch","line":140,"loc":{"start":{"line":140,"column":0},"end":{"line":167,"column":1}},"locations":[{"start":{"line":140,"column":0},"end":{"line":167,"column":1}}]},"51":{"type":"branch","line":141,"loc":{"start":{"line":141,"column":77},"end":{"line":141,"column":90}},"locations":[{"start":{"line":141,"column":77},"end":{"line":141,"column":90}}]},"52":{"type":"branch","line":141,"loc":{"start":{"line":141,"column":90},"end":{"line":143,"column":39}},"locations":[{"start":{"line":141,"column":90},"end":{"line":143,"column":39}}]},"53":{"type":"branch","line":141,"loc":{"start":{"line":141,"column":90},"end":{"line":143,"column":30}},"locations":[{"start":{"line":141,"column":90},"end":{"line":143,"column":30}}]},"54":{"type":"branch","line":143,"loc":{"start":{"line":143,"column":22},"end":{"line":143,"column":39}},"locations":[{"start":{"line":143,"column":22},"end":{"line":143,"column":39}}]},"55":{"type":"branch","line":143,"loc":{"start":{"line":143,"column":30},"end":{"line":143,"column":53}},"locations":[{"start":{"line":143,"column":30},"end":{"line":143,"column":53}}]},"56":{"type":"branch","line":143,"loc":{"start":{"line":143,"column":44},"end":{"line":143,"column":61}},"locations":[{"start":{"line":143,"column":44},"end":{"line":143,"column":61}}]},"57":{"type":"branch","line":144,"loc":{"start":{"line":144,"column":26},"end":{"line":146,"column":48}},"locations":[{"start":{"line":144,"column":26},"end":{"line":146,"column":48}}]},"58":{"type":"branch","line":144,"loc":{"start":{"line":144,"column":26},"end":{"line":146,"column":38}},"locations":[{"start":{"line":144,"column":26},"end":{"line":146,"column":38}}]},"59":{"type":"branch","line":144,"loc":{"start":{"line":144,"column":26},"end":{"line":144,"column":59}},"locations":[{"start":{"line":144,"column":26},"end":{"line":144,"column":59}}]},"60":{"type":"branch","line":144,"loc":{"start":{"line":144,"column":58},"end":{"line":146,"column":38}},"locations":[{"start":{"line":144,"column":58},"end":{"line":146,"column":38}}]},"61":{"type":"branch","line":146,"loc":{"start":{"line":146,"column":24},"end":{"line":146,"column":48}},"locations":[{"start":{"line":146,"column":24},"end":{"line":146,"column":48}}]},"62":{"type":"branch","line":147,"loc":{"start":{"line":147,"column":23},"end":{"line":147,"column":45}},"locations":[{"start":{"line":147,"column":23},"end":{"line":147,"column":45}}]},"63":{"type":"branch","line":148,"loc":{"start":{"line":148,"column":21},"end":{"line":156,"column":64}},"locations":[{"start":{"line":148,"column":21},"end":{"line":156,"column":64}}]},"64":{"type":"branch","line":148,"loc":{"start":{"line":148,"column":21},"end":{"line":153,"column":3}},"locations":[{"start":{"line":148,"column":21},"end":{"line":153,"column":3}}]},"65":{"type":"branch","line":150,"loc":{"start":{"line":150,"column":12},"end":{"line":150,"column":86}},"locations":[{"start":{"line":150,"column":12},"end":{"line":150,"column":86}}]},"66":{"type":"branch","line":150,"loc":{"start":{"line":150,"column":85},"end":{"line":152,"column":24}},"locations":[{"start":{"line":150,"column":85},"end":{"line":152,"column":24}}]},"67":{"type":"branch","line":152,"loc":{"start":{"line":152,"column":19},"end":{"line":152,"column":31}},"locations":[{"start":{"line":152,"column":19},"end":{"line":152,"column":31}}]},"68":{"type":"branch","line":153,"loc":{"start":{"line":153,"column":2},"end":{"line":156,"column":64}},"locations":[{"start":{"line":153,"column":2},"end":{"line":156,"column":64}}]},"69":{"type":"branch","line":153,"loc":{"start":{"line":153,"column":2},"end":{"line":156,"column":60}},"locations":[{"start":{"line":153,"column":2},"end":{"line":156,"column":60}}]},"70":{"type":"branch","line":156,"loc":{"start":{"line":156,"column":39},"end":{"line":156,"column":64}},"locations":[{"start":{"line":156,"column":39},"end":{"line":156,"column":64}}]},"71":{"type":"branch","line":157,"loc":{"start":{"line":157,"column":31},"end":{"line":157,"column":49}},"locations":[{"start":{"line":157,"column":31},"end":{"line":157,"column":49}}]},"72":{"type":"branch","line":162,"loc":{"start":{"line":162,"column":47},"end":{"line":162,"column":68}},"locations":[{"start":{"line":162,"column":47},"end":{"line":162,"column":68}}]},"73":{"type":"branch","line":162,"loc":{"start":{"line":162,"column":56},"end":{"line":162,"column":76}},"locations":[{"start":{"line":162,"column":56},"end":{"line":162,"column":76}}]},"74":{"type":"branch","line":163,"loc":{"start":{"line":163,"column":34},"end":{"line":167,"column":1}},"locations":[{"start":{"line":163,"column":34},"end":{"line":167,"column":1}}]}},"b":{"0":[54],"1":[185],"2":[177],"3":[173],"4":[151],"5":[4],"6":[61],"7":[60],"8":[5],"9":[55],"10":[1],"11":[60],"12":[54],"13":[6],"14":[59],"15":[54],"16":[15],"17":[4],"18":[2],"19":[6],"20":[2],"21":[5],"22":[4],"23":[2],"24":[58],"25":[54],"26":[24],"27":[28],"28":[30],"29":[0],"30":[1],"31":[28],"32":[17],"33":[1],"34":[0],"35":[0],"36":[2],"37":[0],"38":[4],"39":[0],"40":[4],"41":[0],"42":[0],"43":[6],"44":[5],"45":[4],"46":[3],"47":[2],"48":[5],"49":[0],"50":[53],"51":[29],"52":[50],"53":[46],"54":[30],"55":[30],"56":[16],"57":[52],"58":[51],"59":[76],"60":[44],"61":[0],"62":[0],"63":[51],"64":[7],"65":[1],"66":[6],"67":[0],"68":[49],"69":[43],"70":[26],"71":[41],"72":[39],"73":[3],"74":[42]},"fnMap":{"0":{"name":"columnSet","decl":{"start":{"line":24,"column":0},"end":{"line":30,"column":1}},"loc":{"start":{"line":24,"column":0},"end":{"line":30,"column":1}},"line":24},"1":{"name":"assertColumn","decl":{"start":{"line":32,"column":0},"end":{"line":37,"column":1}},"loc":{"start":{"line":32,"column":0},"end":{"line":37,"column":1}},"line":32},"2":{"name":"scopedWhere","decl":{"start":{"line":43,"column":0},"end":{"line":107,"column":1}},"loc":{"start":{"line":43,"column":0},"end":{"line":107,"column":1}},"line":43},"3":{"name":"countDocs","decl":{"start":{"line":111,"column":0},"end":{"line":119,"column":1}},"loc":{"start":{"line":111,"column":0},"end":{"line":119,"column":1}},"line":111},"4":{"name":"groupCount","decl":{"start":{"line":124,"column":0},"end":{"line":138,"column":1}},"loc":{"start":{"line":124,"column":0},"end":{"line":138,"column":1}},"line":124},"5":{"name":"getList","decl":{"start":{"line":140,"column":0},"end":{"line":167,"column":1}},"loc":{"start":{"line":140,"column":0},"end":{"line":167,"column":1}},"line":140}},"f":{"0":54,"1":151,"2":61,"3":5,"4":3,"5":53}}
,"/home/user/frappe-clone/apps/server/src/sla.ts": {"path":"/home/user/frappe-clone/apps/server/src/sla.ts","all":false,"statementMap":{"0":{"start":{"line":1,"column":0},"end":{"line":1,"column":26}},"25":{"start":{"line":26,"column":0},"end":{"line":26,"column":80}},"27":{"start":{"line":28,"column":0},"end":{"line":28,"column":30}},"30":{"start":{"line":31,"column":0},"end":{"line":31,"column":27}},"31":{"start":{"line":32,"column":0},"end":{"line":32,"column":26}},"34":{"start":{"line":35,"column":0},"end":{"line":35,"column":55}},"36":{"start":{"line":37,"column":0},"end":{"line":37,"column":23}},"37":{"start":{"line":38,"column":0},"end":{"line":38,"column":43}},"39":{"start":{"line":40,"column":0},"end":{"line":40,"column":83}},"41":{"start":{"line":42,"column":0},"end":{"line":42,"column":10}},"42":{"start":{"line":43,"column":0},"end":{"line":43,"column":29}},"43":{"start":{"line":44,"column":0},"end":{"line":44,"column":47}},"44":{"start":{"line":45,"column":0},"end":{"line":45,"column":74}},"45":{"start":{"line":46,"column":0},"end":{"line":46,"column":56}},"46":{"start":{"line":47,"column":0},"end":{"line":47,"column":18}},"47":{"start":{"line":48,"column":0},"end":{"line":48,"column":27}},"48":{"start":{"line":49,"column":0},"end":{"line":49,"column":23}},"49":{"start":{"line":50,"column":0},"end":{"line":50,"column":61}},"50":{"start":{"line":51,"column":0},"end":{"line":51,"column":21}},"51":{"start":{"line":52,"column":0},"end":{"line":52,"column":3}},"52":{"start":{"line":53,"column":0},"end":{"line":53,"column":1}},"57":{"start":{"line":58,"column":0},"end":{"line":58,"column":99}},"58":{"start":{"line":59,"column":0},"end":{"line":59,"column":87}},"59":{"start":{"line":60,"column":0},"end":{"line":60,"column":58}},"60":{"start":{"line":61,"column":0},"end":{"line":61,"column":43}},"61":{"start":{"line":62,"column":0},"end":{"line":62,"column":18}},"63":{"start":{"line":64,"column":0},"end":{"line":64,"column":59}},"64":{"start":{"line":65,"column":0},"end":{"line":65,"column":65}},"65":{"start":{"line":66,"column":0},"end":{"line":66,"column":18}},"67":{"start":{"line":68,"column":0},"end":{"line":68,"column":24}},"68":{"start":{"line":69,"column":0},"end":{"line":69,"column":77}},"69":{"start":{"line":70,"column":0},"end":{"line":70,"column":85}},"70":{"start":{"line":71,"column":0},"end":{"line":71,"column":50}},"71":{"start":{"line":72,"column":0},"end":{"line":72,"column":91}},"72":{"start":{"line":73,"column":0},"end":{"line":73,"column":54}},"73":{"start":{"line":74,"column":0},"end":{"line":74,"column":84}},"74":{"start":{"line":75,"column":0},"end":{"line":75,"column":1}}},"s":{"0":1,"25":12,"27":12,"30":12,"31":12,"34":12,"36":12,"37":6,"39":6,"41":6,"42":6,"43":6,"44":12,"45":12,"46":12,"47":12,"48":12,"49":12,"50":12,"51":12,"52":12,"57":637,"58":637,"59":637,"60":11,"61":11,"63":637,"64":637,"65":637,"67":5,"68":5,"69":637,"70":637,"71":637,"72":637,"73":637,"74":637},"branchMap":{"0":{"type":"branch","line":26,"loc":{"start":{"line":26,"column":0},"end":{"line":53,"column":1}},"locations":[{"start":{"line":26,"column":0},"end":{"line":53,"column":1}}]},"1":{"type":"branch","line":31,"loc":{"start":{"line":31,"column":16},"end":{"line":31,"column":27}},"locations":[{"start":{"line":31,"column":16},"end":{"line":31,"column":27}}]},"2":{"type":"branch","line":37,"loc":{"start":{"line":37,"column":12},"end":{"line":45,"column":55}},"locations":[{"start":{"line":37,"column":12},"end":{"line":45,"column":55}}]},"3":{"type":"branch","line":45,"loc":{"start":{"line":45,"column":26},"end":{"line":45,"column":67}},"locations":[{"start":{"line":45,"column":26},"end":{"line":45,"column":67}}]},"4":{"type":"branch","line":46,"loc":{"start":{"line":46,"column":33},"end":{"line":46,"column":55}},"locations":[{"start":{"line":46,"column":33},"end":{"line":46,"column":55}}]},"5":{"type":"branch","line":50,"loc":{"start":{"line":50,"column":26},"end":{"line":50,"column":61}},"locations":[{"start":{"line":50,"column":26},"end":{"line":50,"column":61}}]},"6":{"type":"branch","line":48,"loc":{"start":{"line":48,"column":11},"end":{"line":48,"column":26}},"locations":[{"start":{"line":48,"column":11},"end":{"line":48,"column":26}}]},"7":{"type":"branch","line":58,"loc":{"start":{"line":58,"column":0},"end":{"line":75,"column":1}},"locations":[{"start":{"line":58,"column":0},"end":{"line":75,"column":1}}]},"8":{"type":"branch","line":60,"loc":{"start":{"line":60,"column":24},"end":{"line":60,"column":52}},"locations":[{"start":{"line":60,"column":24},"end":{"line":60,"column":52}}]},"9":{"type":"branch","line":60,"loc":{"start":{"line":60,"column":52},"end":{"line":60,"column":58}},"locations":[{"start":{"line":60,"column":52},"end":{"line":60,"column":58}}]},"10":{"type":"branch","line":60,"loc":{"start":{"line":60,"column":52},"end":{"line":64,"column":58}},"locations":[{"start":{"line":60,"column":52},"end":{"line":64,"column":58}}]},"11":{"type":"branch","line":60,"loc":{"start":{"line":60,"column":52},"end":{"line":62,"column":18}},"locations":[{"start":{"line":60,"column":52},"end":{"line":62,"column":18}}]},"12":{"type":"branch","line":62,"loc":{"start":{"line":62,"column":12},"end":{"line":62,"column":18}},"locations":[{"start":{"line":62,"column":12},"end":{"line":62,"column":18}}]},"13":{"type":"branch","line":62,"loc":{"start":{"line":62,"column":12},"end":{"line":64,"column":56}},"locations":[{"start":{"line":62,"column":12},"end":{"line":64,"column":56}}]},"14":{"type":"branch","line":64,"loc":{"start":{"line":64,"column":51},"end":{"line":64,"column":58}},"locations":[{"start":{"line":64,"column":51},"end":{"line":64,"column":58}}]},"15":{"type":"branch","line":66,"loc":{"start":{"line":66,"column":12},"end":{"line":70,"column":58}},"locations":[{"start":{"line":66,"column":12},"end":{"line":70,"column":58}}]},"16":{"type":"branch","line":66,"loc":{"start":{"line":66,"column":12},"end":{"line":66,"column":18}},"locations":[{"start":{"line":66,"column":12},"end":{"line":66,"column":18}}]},"17":{"type":"branch","line":66,"loc":{"start":{"line":66,"column":12},"end":{"line":70,"column":58}},"locations":[{"start":{"line":66,"column":12},"end":{"line":70,"column":58}}]},"18":{"type":"branch","line":70,"loc":{"start":{"line":70,"column":50},"end":{"line":70,"column":85}},"locations":[{"start":{"line":70,"column":50},"end":{"line":70,"column":85}}]},"19":{"type":"branch","line":71,"loc":{"start":{"line":71,"column":4},"end":{"line":72,"column":62}},"locations":[{"start":{"line":71,"column":4},"end":{"line":72,"column":62}}]},"20":{"type":"branch","line":72,"loc":{"start":{"line":72,"column":54},"end":{"line":72,"column":91}},"locations":[{"start":{"line":72,"column":54},"end":{"line":72,"column":91}}]},"21":{"type":"branch","line":73,"loc":{"start":{"line":73,"column":4},"end":{"line":74,"column":54}},"locations":[{"start":{"line":73,"column":4},"end":{"line":74,"column":54}}]},"22":{"type":"branch","line":74,"loc":{"start":{"line":74,"column":54},"end":{"line":74,"column":84}},"locations":[{"start":{"line":74,"column":54},"end":{"line":74,"column":84}}]},"23":{"type":"branch","line":59,"loc":{"start":{"line":59,"column":14},"end":{"line":59,"column":87}},"locations":[{"start":{"line":59,"column":14},"end":{"line":59,"column":87}}]},"24":{"type":"branch","line":59,"loc":{"start":{"line":59,"column":54},"end":{"line":59,"column":86}},"locations":[{"start":{"line":59,"column":54},"end":{"line":59,"column":86}}]},"25":{"type":"branch","line":65,"loc":{"start":{"line":65,"column":34},"end":{"line":65,"column":64}},"locations":[{"start":{"line":65,"column":34},"end":{"line":65,"
[...]
,"column":0},"end":{"line":53,"column":23}},"53":{"start":{"line":54,"column":0},"end":{"line":54,"column":30}},"56":{"start":{"line":57,"column":0},"end":{"line":57,"column":78}},"57":{"start":{"line":58,"column":0},"end":{"line":58,"column":32}},"58":{"start":{"line":59,"column":0},"end":{"line":59,"column":32}},"59":{"start":{"line":60,"column":0},"end":{"line":60,"column":26}},"60":{"start":{"line":61,"column":0},"end":{"line":61,"column":56}},"61":{"start":{"line":62,"column":0},"end":{"line":62,"column":68}},"62":{"start":{"line":63,"column":0},"end":{"line":63,"column":15}},"63":{"start":{"line":64,"column":0},"end":{"line":64,"column":84}},"64":{"start":{"line":65,"column":0},"end":{"line":65,"column":82}},"65":{"start":{"line":66,"column":0},"end":{"line":66,"column":22}},"66":{"start":{"line":67,"column":0},"end":{"line":67,"column":58}},"67":{"start":{"line":68,"column":0},"end":{"line":68,"column":37}},"68":{"start":{"line":69,"column":0},"end":{"line":69,"column":45}},"69":{"start":{"line":70,"column":0},"end":{"line":70,"column":10}},"70":{"start":{"line":71,"column":0},"end":{"line":71,"column":7}},"71":{"start":{"line":72,"column":0},"end":{"line":72,"column":5}},"72":{"start":{"line":73,"column":0},"end":{"line":73,"column":3}},"73":{"start":{"line":74,"column":0},"end":{"line":74,"column":2}}},"s":{"0":1,"1":1,"2":1,"3":1,"4":1,"5":1,"13":1,"14":3,"17":3,"19":3,"23":3,"24":6,"25":6,"26":6,"27":6,"29":6,"31":6,"32":6,"33":6,"34":6,"37":6,"38":6,"40":6,"41":6,"42":6,"43":5,"44":1,"45":6,"46":6,"47":6,"49":6,"51":5,"52":6,"53":1,"56":1,"57":1,"58":1,"59":1,"60":1,"61":1,"62":1,"63":1,"64":1,"65":1,"66":1,"67":1,"68":1,"69":1,"70":1,"71":1,"72":1,"73":3},"branchMap":{"0":{"type":"branch","line":14,"loc":{"start":{"line":14,"column":25},"end":{"line":74,"column":2}},"locations":[{"start":{"line":14,"column":25},"end":{"line":74,"column":2}}]},"1":{"type":"branch","line":18,"loc":{"start":{"line":18,"column":16},"end":{"line":18,"column":22}},"locations":[{"start":{"line":18,"column":16},"end":{"line":18,"column":22}}]},"2":{"type":"branch","line":24,"loc":{"start":{"line":24,"column":26},"end":{"line":73,"column":3}},"locations":[{"start":{"line":24,"column":26},"end":{"line":73,"column":3}}]},"3":{"type":"branch","line":27,"loc":{"start":{"line":27,"column":15},"end":{"line":27,"column":23}},"locations":[{"start":{"line":27,"column":15},"end":{"line":27,"column":23}}]},"4":{"type":"branch","line":30,"loc":{"start":{"line":30,"column":53},"end":{"line":30,"column":61}},"locations":[{"start":{"line":30,"column":53},"end":{"line":30,"column":61}}]},"5":{"type":"branch","line":32,"loc":{"start":{"line":32,"column":33},"end":{"line":32,"column":55}},"locations":[{"start":{"line":32,"column":33},"end":{"line":32,"column":55}}]},"6":{"type":"branch","line":39,"loc":{"start":{"line":39,"column":21},"end":{"line":39,"column":43}},"locations":[{"start":{"line":39,"column":21},"end":{"line":39,"column":43}}]},"7":{"type":"branch","line":39,"loc":{"start":{"line":39,"column":39},"end":{"line":39,"column":74}},"locations":[{"start":{"line":39,"column":39},"end":{"line":39,"column":74}}]},"8":{"type":"branch","line":39,"loc":{"start":{"line":39,"column":59},"end":{"line":39,"column":74}},"locations":[{"start":{"line":39,"column":59},"end":{"line":39,"column":74}}]},"9":{"type":"branch","line":43,"loc":{"start":{"line":43,"column":28},"end":{"line":44,"column":90}},"locations":[{"start":{"line":43,"column":28},"end":{"line":44,"column":90}}]},"10":{"type":"branch","line":44,"loc":{"start":{"line":44,"column":87},"end":{"line":45,"column":15}},"locations":[{"start":{"line":44,"column":87},"end":{"line":45,"column":15}}]},"11":{"type":"branch","line":50,"loc":{"start":{"line":50,"column":25},"end":{"line":52,"column":56}},"locations":[{"start":{"line":50,"column":25},"end":{"line":52,"column":56}}]},"12":{"type":"branch","line":50,"loc":{"start":{"line":50,"column":25},"end":{"line":50,"column":33}},"locations":[{"start":{"line":50,"column":25},"end":{"line":50,"column":33}}]},"13":{"type":"branch","line":50,"loc":{"start":{"line":50,"column":25},"end":{"line":52,"column":52}},"locations":[{"start":{"line":50,"column":25},"end":{"line":52,"column":52}}]},"14":{"type":"branch","line":52,"loc":{"start":{"line":52,"column":22},"end":{"line":52,"column":56}},"locations":[{"start":{"line":52,"column":22},"end":{"line":52,"column":56}}]},"15":{"type":"branch","line":53,"loc":{"start":{"line":53,"column":15},"end":{"line":73,"column":3}},"locations":[{"start":{"line":53,"column":15},"end":{"line":73,"column":3}}]},"16":{"type":"branch","line":61,"loc":{"start":{"line":61,"column":17},"end":{"line":61,"column":56}},"locations":[{"start":{"line":61,"column":17},"end":{"line":61,"column":56}}]},"17":{"type":"branch","line":28,"loc":{"start":{"line":28,"column":16},"end":{"line":28,"column":73}},"locations":[{"start":{"line":28,"column":16},"end":{"line":28,"column":73}}]},"18":{"type":"branch","line":28,"loc":{"start":{"line":28,"column":48},"end":{"line":28,"column":72}},"locations":[{"start":{"line":28,"column":48},"end":{"line":28,"column":72}}]},"19":{"type":"branch","line":34,"loc":{"start":{"line":34,"column":11},"end":{"line":34,"column":26}},"locations":[{"start":{"line":34,"column":11},"end":{"line":34,"column":26}}]}},"b":{"0":[3],"1":[0],"2":[6],"3":[0],"4":[0],"5":[1],"6":[3],"7":[3],"8":[0],"9":[5],"10":[1],"11":[5],"12":[4],"13":[2],"14":[1],"15":[1],"16":[0],"17":[15],"18":[96],"19":[9]},"fnMap":{"0":{"name":"has","decl":{"start":{"line":28,"column":16},"end":{"line":28,"column":73}},"loc":{"start":{"line":28,"column":16},"end":{"line":28,"column":73}},"line":28}},"f":{"0":15}}
,"/home/user/frappe-clone/apps/server/src/methods/frappe-client.ts": {"path":"/home/user/frappe-clone/apps/server/src/methods/frappe-client.ts","all":false,"statementMap":{"0":{"start":{"line":1,"column":0},"end":{"line":1,"column":38}},"1":{"start":{"line":2,"column":0},"end":{"line":2,"column":36}},"2":{"start":{"line":3,"column":0},"end":{"line":3,"column":33}},"3":{"start":{"line":4,"column":0},"end":{"line":4,"column":56}},"4":{"start":{"line":5,"column":0},"end":{"line":5,"column":58}},"12":{"start":{"line":13,"column":0},"end":{"line":13,"column":42}},"13":{"start":{"line":14,"column":0},"end":{"line":14,"column":77}},"14":{"start":{"line":15,"column":0},"end":{"line":15,"column":34}},"15":{"start":{"line":16,"column":0},"end":{"line":16,"column":9}},"16":{"start":{"line":17,"column":0},"end":{"line":17,"column":30}},"17":{"start":{"line":18,"column":0},"end":{"line":18,"column":13}},"18":{"start":{"line":19,"column":0},"end":{"line":19,"column":18}},"19":{"start":{"line":20,"column":0},"end":{"line":20,"column":5}},"20":{"start":{"line":21,"column":0},"end":{"line":21,"column":3}},"21":{"start":{"line":22,"column":0},"end":{"line":22,"column":14}},"22":{"start":{"line":23,"column":0},"end":{"line":23,"column":1}},"24":{"start":{"line":25,"column":0},"end":{"line":25,"column":66}},"25":{"start":{"line":26,"column":0},"end":{"line":26,"column":21}},"26":{"start":{"line":27,"column":0},"end":{"line":27,"column":91}},"27":{"start":{"line":28,"column":0},"end":{"line":28,"column":10}},"28":{"start":{"line":29,"column":0},"end":{"line":29,"column":1}},"30":{"start":{"line":31,"column":0},"end":{"line":31,"column":60}},"32":{"start":{"line":33,"column":0},"end":{"line":33,"column":63}},"33":{"start":{"line":34,"column":0},"end":{"line":34,"column":38}},"34":{"start":{"line":35,"column":0},"end":{"line":35,"column":31}},"35":{"start":{"line":36,"column":0},"end":{"line":36,"column":12}},"36":{"start":{"line":37,"column":0},"end":{"line":37,"column":5}},"37":{"start":{"line":38,"column":0},"end":{"line":38,"column":56}},"38":{"start":{"line":39,"column":0},"end":{"line":39,"column":61}},"39":{"start":{"line":40,"column":0},"end":{"line":40,"column":78}},"40":{"start":{"line":41,"column":0},"end":{"line":41,"column":83}},"41":{"start":{"line":42,"column":0},"end":{"line":42,"column":101}},"42":{"start":{"line":43,"column":0},"end":{"line":43,"column":6}},"43":{"start":{"line":44,"column":0},"end":{"line":44,"column":14}},"44":{"start":{"line":45,"column":0},"end":{"line":45,"column":3}},"46":{"start":{"line":47,"column":0},"end":{"line":47,"column":20}},"47":{"start":{"line":48,"column":0},"end":{"line":48,"column":2}},"49":{"start":{"line":50,"column":0},"end":{"line":50,"column":58}},"50":{"start":{"line":51,"column":0},"end":{"line":51,"column":67}},"51":{"start":{"line":52,"column":0},"end":{"line":52,"column":2}},"53":{"start":{"line":54,"column":0},"end":{"line":54,"column":64}},"54":{"start":{"line":55,"column":0},"end":{"line":55,"column":93}},"55":{"start":{"line":56,"column":0},"end":{"line":56,"column":2}},"58":{"start":{"line":59,"column":0},"end":{"line":59,"column":64}},"59":{"start":{"line":60,"column":0},"end":{"line":60,"column":38}},"60":{"start":{"line":61,"column":0},"end":{"line":61,"column":42}},"61":{"start":{"line":62,"column":0},"end":{"line":62,"column":38}},"62":{"start":{"line":63,"column":0},"end":{"line":63,"column":14}},"63":{"start":{"line":64,"column":0},"end":{"line":64,"column":31}},"64":{"start":{"line":65,"column":0},"end":{"line":65,"column":15}},"65":{"start":{"line":66,"column":0},"end":{"line":66,"column":108}},"66":{"start":{"line":67,"column":0},"end":{"line":67,"column":47}},"67":{"start":{"line":68,"column":0},"end":{"line":68,"column":24}},"68":{"start":{"line":69,"column":0},"end":{"line":69,"column":52}},"69":{"start":{"line":70,"column":0},"end":{"line":70,"column":48}},"70":{"start":{"line":71,"column":0},"end":{"line":71,"column":2}},"72":{"start":{"line":73,"column":0},"end":{"line":73,"column":61}},"73":{"start":{"line":74,"column":0},"end":{"line":74,"column":69}},"74":{"start":{"line":75,"column":0},"end":{"line":75,"column":76}},"75":{"start":{"line":76,"column":0},"end":{"line":76,"column":92}},"76":{"start":{"line":77,"column":0},"end":{"line":77,"column":41}},"77":{"start":{"line":78,"column":0},"end":{"line":78,"column":54}},"78":{"start":{"line":79,"column":0},"end":{"line":79,"column":2}},"82":{"start":{"line":83,"column":0},"end":{"line":83,"column":64}},"83":{"start":{"line":84,"column":0},"end":{"line":84,"column":38}},"84":{"start":{"line":85,"column":0},"end":{"line":85,"column":32}},"85":{"start":{"line":86,"column":0},"end":{"line":86,"column":42}},"86":{"start":{"line":87,"column":0},"end":{"line":87,"column":56}},"87":{"start":{"line":88,"column":0},"end":{"line":88,"column":18}},"88":{"start":{"line":89,"column":0},"end":{"line":89,"column":88}},"89":{"start":{"line":90,"column":0},"end":{"line":90,"column":89}},"90":{"start":{"line":91,"column":0},"end":{"line":91,"column":2}},"92":{"start":{"line":93,"column":0},"end":{"line":93,"column":61}},"93":{"start":{"line":94,"column":0},"end":{"line":94,"column":69}},"94":{"start":{"line":95,"column":0},"end":{"line":95,"column":13}},"95":{"start":{"line":96,"column":0},"end":{"line":96,"column":2}},"99":{"start":{"line":100,"column":0},"end":{"line":100,"column":60}},"100":{"start":{"line":101,"column":0},"end":{"line":101,"column":50}},"101":{"start":{"line":102,"column":0},"end":{"line":102,"column":37}},"102":{"start":{"line":103,"column":0},"end":{"line":103,"column":15}},"103":{"start":{"line":104,"column":0},"end":{"line":104,"column":58}},"104":{"start":{"line":105,"column":0},"end":{"line":105,"column":48}},"105":{"start":{"line":106,"column":0},"end":{"line":106,"column":3}},"106":{"start":{"line":107,"column":0},"end":{"line":107,"column":52}},"107":{"start":{"line":108,"column":0},"end":{"line":108,"column":2}}},"s":{"0":1,"1":1,"2":1,"3":1,"4":1,"12":9,"13":9,"14":9,"15":2,"16":2,"17":2,"18":1,"19":1,"20":2,"21":5,"22":5,"24":19,"25":19,"26":19,"27":19,"28":19,"30":1,"32":1,"33":2,"34":2,"35":2,"36":2,"37":2,"38":2,"39":2,"40":2,"41":2,"42":2,"43":2,"44":2,"46":2,"47":2,"49":1,"50":2,"51":2,"53":1,"54":1,"55":1,"58":1,"59":3,"60":3,"61":3,"62":3,"63":3,"64":1,"65":2,"66":2,"67":3,"68":2,"69":3,"70":3,"72":1,"73":1,"74":1,"75":1,"76":1,"77":1,"78":1,"82":1,"83":1,"84":1,"85":1,"86":1,"87":1,"88":1,"89":1,"90":1,"92":1,"93":1,"94":1,"95":1,"99":1,"100":1,"101":1,"102":1,"103":1,"104":1,"105":1,"106":1,"107":1},"branchMap":{"0":{"type":"branch","line":13,"loc":{"start":{"line":13,"column":0},"end":{"line":23,"column":1}},"locations":[{"start":{"line":13,"column":0},"end":{"line":23,"column":1}}]},"1":{"type":"branch","line":14,"loc":{"start":{"line":14,"column":16},"end":{"line":14,"column":47}},"locations":[{"start":{"line":14,"column":16},"end":{"line":14,"column":47}}]},"2":{"type":"branch","line":14,"loc":{"start":{"line":14,"column":39},"end":{"line":14,"column":61}},"locations":[{"start":{"line":14,"column":39},"end":{"line":14,"column":61}}]},"3":{"type":"branch","line":14,"loc":{"start":{"line":14,"column":61},"end":{"line":14,"column":77}},"locations":[{"start":{"line":14,"column":61},"end":{"line":14,"column":77}}]},"4":{"type":"branch","line":14,"loc":{"start":{"line":14,"column":68},"end":{"line":15,"column":33}},"locations":[{"start":{"line":14,"column":68},"end":{"line":15,"column":33}}]},"5":{"type":"branch","line":15,"loc":{"start":{"line":15,"column":33},"end":{"line":21,"column":3}},"locations":[{"start":{"line":15,"column":33},"end":{"line":21,"column":3}}]},"6":{"type":"branch","line":18,"loc":{"start":{"line":18,"column":4},"end":{"line":20,"column":5}},"locations":[{"start":{"line":18,"column":4},"end":{"line":20,"column":5}}]},"7":{"type":"branch","line":21,"loc":{"start":{"line":21,"column":2},"end":{"line":23,"column":1}},"locations":[{"start":{"line":21,"column":2},"end":{"line":23,"column":1}}]},"8":{"type":"branch","line":25,"loc":{"start":{"line":25,"column":0},"end":{"line":29,"column":1}},"locations":[{"start":{"line":25,"column":0},"end":{"line":29,"column":1}}]},"9":{"type":"branch","line":27,"loc":{"start":{"line":27,"column":35},"end":{"line":27,"column":91}},"locations":[{"start":{"line":27,"column":35},"end":{"line":27,"column":91}}]},"10":{"type":"branch","line":31,"loc":{"start":{"line":31,"column":25},"end":{"line":31,"column":39}},"locations":[{"start":{"line":31,"column":25},"end":{"line":31,"column":39}}]},"11":{"type":"branch","line":33,"loc":{"start":{"line":33,"column":36},"end":{"line":48,"column":2}},"locations":[{"start":{"line":33,"column":36},"end":{"line":48,"column":2}}]},"12":{"type":"branch","line":38,"loc":{"start":{"line":38,"column":35},"end":{"line":38,"column":56}},"locations":[{"start":{"line":38,"column":35},"end":{"line":38,"column":56}}]},"13":{"type":"branch","line":39,"loc":{"start":{"line":39,"column":33},"end":{"line":39,"column":61}},"locations":[{"start":{"line":39,"column":33},"end":{"line":39,"column":61}}]},"14":{"type":"branch","line":40,"loc":{"start":{"line":40,"column":41},"end":{"line":40,"column":68}},"locations":[{"start":{"line":40,"column":41},"end":{"line":40,"column":68}}]},"15":{"type":"branch","line":41,"loc":{"start":{"line":41,"column":39},"end":{"line":41,"column":73}},"locations":[{"start":{"line":41,"column":39},"end":{"line":41,"column":73}}]},"16":{"type":"branch","line":42,"loc":{"start":{"line":42,"column":51},"end":{"line":42,"column":91}},"locations":[{"start":{"line":42,"column":51},"end":{"line":42,"column":91}}]},"17":{"type":"branch","line":50,"loc":{"start":{"line":50,"column":31},"end":{"line":52,"column":2}},"locations":[{"start":{"line":50,"column":31},"end":{"line":52,"column":2}}]},"18":{"type":"branch","line":54,"loc":{"start":{"line":54,"column":37},"end":{"line":56,"column":2}},"locations":[{"start":{"line":54,"column":37},"end":{"line":56,"column":2}}]},"19":{"type":"branch","line":59,"loc":{"start":{"line":59,"column":37},"end":{"line":71,"column":2}},"locations":[{"start":{"line":59,"column":37},"end":{"line":71,"column":2}}]},"20":{"type":"branch","line":64,"loc":{"start":{"line":64,"column":23},"end":{"line":65,"column":15}},"locations":[{"start":{"line":64,"column":23},"end":{"line":65,"column":15}}]},"21":{"type":"branch","line":65,"loc":{"start":{"line":65,"column":8},"end":{"line":67,"column":47}},"locations":[{"start":{"line":65,"column":8},"end":{"line":67,"column":47}}]},"22":{"type":"branch","line":66,"loc":{"start":{"line":66,"column":45},"end":{"line":66,"column":73}},"locations":[{"start":{"line":66,"column":45},"end":{"line":66,"column":73}}]},"23":{"type":"branch","line":67,"loc":{"start":{"line":67,"column":17},"end":{"line":67,"column":47}},"locations":[{"start":{"line":67,"column":17},"end":{"line":67,"column":47}}]},"24":{"type":"branch","line":68,"loc":{"start":{"line":68,"column":13},"end":{"line":70,"column":42}},"locations":[{"start":{"line":68,"column":13},"end":{"line":70,"column":42}}]},"25":{"type":"branch","line":68,"loc":{"start":{"line":68,"column":13},"end":{"line":68,"column":24}},"locations":[{"start":{"line":68,"column":13},"end":{"line":68,"column":24}}]},"26":{"type":"branch","line":70,"loc":{"start":{"line":70,"column":37},"end":{"line":70,"column":47}},"locations":[{"start":{"line":70,"column":37},"end":{"line":70,"column":47}}]},"27":{"type":"branch","line":73,"loc":{"start":{"line":73,"column":34},"end":{"line":79,"column":2}},"locations":[{"start":{"line":73,"column":34},"end":{"line":79,"column":2}}]},"28":{"type":"branch","line":75,"loc":{"start":{"line":75,"column":57},"end":{"line":75,"column":76}},"locations":[{"start":{"line":75,"column":57},"end":{"line":75,"column":76}}]},"29":{"type":"branch","line":76,"loc":{"start":{"line":76,"column":24},"end":{"line":76,"column":92}},"locations":[{"start":{"line":76,"column":24},"end":{"line":76,"column":92}}]},"30":{"type":"branch","line":83,"loc":{"start":{"line":83,"column":37},"end":{"line":91,"column":2}},"locations":[{"start":{"line":83,"column":37},"end":{"line":91,"column":2}}]},"31":{"type":"branch","line":89,"loc":{"start":{"line":89,"column":68},"end":{"line":89,"column":88}},"locations":[{"start":{"line":89,"column":68},"end":{"line":89,"column":88}}]},"32":{"type":"branch","line":90,"loc":{"start":{"line":90,"column":62},"end":{"line":90,"column":76}},"locations":[{"start":{"line":90,"column":62},"end":{"line":90,"column":76}}]},"33":{"type":"branch","line":93,"loc":{"start":{"line":93,"column":34},"end":{"line":96,"column":2}},"locations":[{"start":{"line":93,"column":34},"end":{"line":96,"column":2}}]},"34":{"type":"branch","line":100,"loc":{"start":{"line":100,"column":39},"end":{"line":108,"column":2}},"locations":[{"start":{"line":100,"column":39},"end":{"line":108,"column":2}}]},"35":{"type":"branch","line":104,"loc":{"start":{"line":104,"column":14},"end":{"line":104,"column":57}},"locations":[{"start":{"line":104,"column":14},"end":{"line":104,"column":57}}]},"36":{"type":"branch","line":104,"loc":{"start":{"line":104,"column":37},"end":{"line":104,"column":57}},"locations":[{"start":{"line":104,"column":37},"end":{"line":104,"column":57}}]},"37":{"type":"branch","line":105,"loc":{"start":{"line":105,"column":11},"end":{"line":105,"column":46}},"locations":[{"start":{"line":105,"column":11},"end":{"line":105,"column":46}}]}},"b":{"0":[9],"1":[7],"2":[7],"3":[2],"4":[7],"5":[2],"6":[1],"7":[5],"8":[19],"9":[0],"10":[3],"11":[2],"12":[1],"13":[0],"14":[0],"15":[0],"16":[0],"17":[2],"18":[1],"19":[3],"20":[1],"21":[2],"22":[0],"23":[1],"24":[2],"25":[1],"26":[0],"27":[1],"28":[0],"29":[0],"30":[1],"31":[0],"32":[0],"33":[1],"34":[1],"35":[2],"36":[1],"37":[1]},"fnMap":{"0":{"name":"asJson","decl":{"start":{"line":13,"column":0},"end":{"line":23,"column":1}},"loc":{"start":{"line":13,"column":0},"end":{"line":23,"column":1}},"line":13},"1":{"name":"str","decl":{"start":{"line":25,"column":0},"end":{"line":29,"column":1}},"loc":{"start":{"line":25,"column":0},"end":{"line":29,"column":1}},"line":25},"2":{"name":"allowGuest","decl":{"start":{"line":31,"column":25},"end":{"line":31,"column":39}},"loc":{"start":{"line":31,"column":25},"end":{"line":31,"column":39}},"line":31}},"f":{"0":9,"1":19,"2":3}}
}
